2026-02-15 02:16:22,326 [INFO] Loaded state from C:\Users\dinkleburgh\TruckApp\.truck_state.json
2026-02-15 02:16:43,671 [INFO] Loaded state from C:\Users\dinkleburgh\TruckApp\.truck_state.json
2026-02-15 02:57:13,160 [INFO] Loaded state from C:\Users\dinkleburgh\TruckApp\.truck_state.json
2026-02-15 03:29:38,609 [INFO] Loaded state from C:\Users\dinkleburgh\TruckApp\.truck_state.json
2026-02-15 03:33:52,914 [INFO] Loaded state from C:\Users\dinkleburgh\TruckApp\.truck_state.json
2026-02-15 03:35:10,410 [INFO] Loaded state from C:\Users\dinkleburgh\TruckApp\.truck_state.json
2026-02-15 03:36:49,894 [INFO] Loaded state from C:\Users\dinkleburgh\TruckApp\.truck_state.json
2026-02-15 03:37:01,661 [INFO] Loaded state from C:\Users\dinkleburgh\TruckApp\.truck_state.json
2026-02-15 03:37:38,107 [INFO] Loaded state from C:\Users\dinkleburgh\TruckApp\.truck_state.json
2026-02-15 03:37:41,233 [INFO] Loaded state from C:\Users\dinkleburgh\TruckApp\.truck_state.json
2026-02-15 03:38:58,129 [INFO] Loaded state from C:\Users\dinkleburgh\TruckApp\.truck_state.json
2026-02-15 03:40:12,303 [INFO] Loaded state from C:\Users\dinkleburgh\TruckApp\.truck_state.json
2026-02-15 03:41:02,360 [INFO] Loaded state from C:\Users\dinkleburgh\TruckApp\.truck_state.json
2026-02-15 03:41:05,014 [INFO] Loaded state from C:\Users\dinkleburgh\TruckApp\.truck_state.json
2026-02-15 03:41:23,092 [INFO] Loaded state from C:\Users\dinkleburgh\TruckApp\.truck_state.json
2026-02-15 03:41:23,098 [INFO] Saved state to C:\Users\dinkleburgh\TruckApp\.truck_state.json
2026-02-15 03:41:23,098 [INFO] save_state() called
2026-02-15 03:50:41,243 [INFO] Loaded state from C:\Users\dinkleburgh\TruckApp\.truck_state.json
2026-02-15 03:51:21,254 [INFO] Loaded state from C:\Users\dinkleburgh\TruckApp\.truck_state.json
2026-02-15 03:51:51,766 [INFO] Loaded state from C:\Users\dinkleburgh\TruckApp\.truck_state.json
2026-02-15 03:52:27,104 [INFO] Loaded state from C:\Users\dinkleburgh\TruckApp\.truck_state.json
2026-02-15 05:17:08,882 [INFO] Loaded state from C:\Users\dinkleburgh\TruckApp\.truck_state.json
2026-02-15 05:17:08,888 [INFO] Saved state to C:\Users\dinkleburgh\TruckApp\.truck_state.json
2026-02-15 05:17:08,888 [INFO] save_state() called
2026-02-15 06:10:20,464 [INFO] Loaded state from C:\Users\dinkleburgh\TruckApp\.truck_state.json
2026-02-15 06:10:20,470 [INFO] Saved state to C:\Users\dinkleburgh\TruckApp\.truck_state.json
2026-02-15 06:10:20,470 [INFO] save_state() called
2026-02-15 11:42:30,188 [INFO] Loaded state from C:\Users\dinkleburgh\TruckApp\.truck_state.json
2026-02-15 11:55:06,198 [INFO] Loaded state from C:\Users\dinkleburgh\TruckApp\.truck_state.json
2026-02-15 11:55:11,520 [INFO] Loaded state from C:\Users\dinkleburgh\TruckApp\.truck_state.json
2026-02-15 11:55:11,550 [INFO] Loaded state from C:\Users\dinkleburgh\TruckApp\.truck_state.json
2026-02-15 11:55:23,376 [INFO] Loaded state from C:\Users\dinkleburgh\TruckApp\.truck_state.json
2026-02-15 11:55:23,406 [INFO] Loaded state from C:\Users\dinkleburgh\TruckApp\.truck_state.json
2026-02-15 11:55:24,627 [INFO] Loaded state from C:\Users\dinkleburgh\TruckApp\.truck_state.json
2026-02-15 11:55:24,660 [INFO] Loaded state from C:\Users\dinkleburgh\TruckApp\.truck_state.json
2026-02-15 11:55:26,446 [INFO] Loaded state from C:\Users\dinkleburgh\TruckApp\.truck_state.json
2026-02-15 11:55:26,481 [INFO] Loaded state from C:\Users\dinkleburgh\TruckApp\.truck_state.json
2026-02-15 11:55:30,097 [INFO] Loaded state from C:\Users\dinkleburgh\TruckApp\.truck_state.json
2026-02-15 11:55:30,146 [INFO] Loaded state from C:\Users\dinkleburgh\TruckApp\.truck_state.json
2026-02-15 11:55:31,427 [INFO] Loaded state from C:\Users\dinkleburgh\TruckApp\.truck_state.json
2026-02-15 11:55:31,461 [INFO] Loaded state from C:\Users\dinkleburgh\TruckApp\.truck_state.json
2026-02-15 11:55:33,606 [INFO] Loaded state from C:\Users\dinkleburgh\TruckApp\.truck_state.json
2026-02-15 11:55:35,376 [INFO] Loaded state from C:\Users\dinkleburgh\TruckApp\.truck_state.json
2026-02-15 11:55:36,045 [INFO] Loaded state from C:\Users\dinkleburgh\TruckApp\.truck_state.json
2026-02-15 11:55:37,028 [INFO] Loaded state from C:\Users\dinkleburgh\TruckApp\.truck_state.json
2026-02-15 11:55:38,503 [INFO] Loaded state from C:\Users\dinkleburgh\TruckApp\.truck_state.json
2026-02-15 11:55:38,536 [INFO] Loaded state from C:\Users\dinkleburgh\TruckApp\.truck_state.json
2026-02-15 11:56:40,747 [INFO] Loaded state from C:\Users\dinkleburgh\TruckApp\.truck_state.json
2026-02-15 11:56:40,782 [INFO] Loaded state from C:\Users\dinkleburgh\TruckApp\.truck_state.json
2026-02-15 11:56:42,646 [INFO] Loaded state from C:\Users\dinkleburgh\TruckApp\.truck_state.json
2026-02-15 11:56:42,684 [INFO] Loaded state from C:\Users\dinkleburgh\TruckApp\.truck_state.json
2026-02-15 11:56:44,297 [INFO] Loaded state from C:\Users\dinkleburgh\TruckApp\.truck_state.json
2026-02-15 11:56:44,327 [INFO] Loaded state from C:\Users\dinkleburgh\TruckApp\.truck_state.json
2026-02-15 12:15:01,441 [INFO] Loaded state from C:\Users\dinkleburgh\TruckApp\.truck_state.json
2026-02-15 12:16:28,299 [INFO] Loaded state from C:\Users\dinkleburgh\TruckApp\.truck_state.json
2026-02-15 12:16:31,047 [INFO] Loaded state from C:\Users\dinkleburgh\TruckApp\.truck_state.json
2026-02-15 12:16:31,077 [INFO] Loaded state from C:\Users\dinkleburgh\TruckApp\.truck_state.json
2026-02-15 12:16:33,408 [INFO] Loaded state from C:\Users\dinkleburgh\TruckApp\.truck_state.json
2026-02-15 12:16:33,444 [INFO] Loaded state from C:\Users\dinkleburgh\TruckApp\.truck_state.json
2026-02-15 12:16:33,485 [INFO] Loaded state from C:\Users\dinkleburgh\TruckApp\.truck_state.json
2026-02-15 12:16:38,054 [INFO] Loaded state from C:\Users\dinkleburgh\TruckApp\.truck_state.json
2026-02-15 12:16:38,099 [INFO] Loaded state from C:\Users\dinkleburgh\TruckApp\.truck_state.json
2026-02-15 12:16:42,010 [INFO] Loaded state from C:\Users\dinkleburgh\TruckApp\.truck_state.json
2026-02-15 12:16:44,564 [INFO] Loaded state from C:\Users\dinkleburgh\TruckApp\.truck_state.json
2026-02-15 12:16:44,598 [INFO] Loaded state from C:\Users\dinkleburgh\TruckApp\.truck_state.json
2026-02-15 12:16:50,383 [INFO] Loaded state from C:\Users\dinkleburgh\TruckApp\.truck_state.json
2026-02-15 12:16:50,417 [INFO] Loaded state from C:\Users\dinkleburgh\TruckApp\.truck_state.json
2026-02-15 12:16:53,444 [INFO] Loaded state from C:\Users\dinkleburgh\TruckApp\.truck_state.json
2026-02-15 12:16:53,490 [INFO] Loaded state from C:\Users\dinkleburgh\TruckApp\.truck_state.json
2026-02-15 12:16:54,938 [INFO] Loaded state from C:\Users\dinkleburgh\TruckApp\.truck_state.json
2026-02-15 12:16:59,063 [INFO] Loaded state from C:\Users\dinkleburgh\TruckApp\.truck_state.json
2026-02-15 12:16:59,096 [INFO] Loaded state from C:\Users\dinkleburgh\TruckApp\.truck_state.json
2026-02-15 12:17:15,467 [INFO] Loaded state from C:\Users\dinkleburgh\TruckApp\.truck_state.json
2026-02-15 12:17:15,494 [INFO] Loaded state from C:\Users\dinkleburgh\TruckApp\.truck_state.json
2026-02-15 12:19:05,971 [INFO] Loaded state from C:\Users\dinkleburgh\TruckApp\.truck_state.json
2026-02-15 12:19:06,008 [INFO] Loaded state from C:\Users\dinkleburgh\TruckApp\.truck_state.json
2026-02-15 12:19:12,827 [INFO] Loaded state from C:\Users\dinkleburgh\TruckApp\.truck_state.json
2026-02-15 12:19:13,589 [INFO] Loaded state from C:\Users\dinkleburgh\TruckApp\.truck_state.json
2026-02-15 12:19:14,932 [INFO] Loaded state from C:\Users\dinkleburgh\TruckApp\.truck_state.json
2026-02-15 12:19:14,961 [INFO] Loaded state from C:\Users\dinkleburgh\TruckApp\.truck_state.json
2026-02-15 12:19:15,997 [INFO] Loaded state from C:\Users\dinkleburgh\TruckApp\.truck_state.json
2026-02-15 12:19:16,031 [INFO] Loaded state from C:\Users\dinkleburgh\TruckApp\.truck_state.json
2026-02-15 12:19:18,849 [INFO] Loaded state from C:\Users\dinkleburgh\TruckApp\.truck_state.json
2026-02-15 12:19:18,884 [INFO] Loaded state from C:\Users\dinkleburgh\TruckApp\.truck_state.json
2026-02-15 12:19:19,670 [INFO] Loaded state from C:\Users\dinkleburgh\TruckApp\.truck_state.json
2026-02-15 12:19:19,699 [INFO] Loaded state from C:\Users\dinkleburgh\TruckApp\.truck_state.json
2026-02-15 12:19:20,712 [INFO] Loaded state from C:\Users\dinkleburgh\TruckApp\.truck_state.json
2026-02-15 12:19:20,761 [INFO] Loaded state from C:\Users\dinkleburgh\TruckApp\.truck_state.json
2026-02-15 12:19:22,643 [INFO] Loaded state from C:\Users\dinkleburgh\TruckApp\.truck_state.json
2026-02-15 12:19:22,682 [INFO] Loaded state from C:\Users\dinkleburgh\TruckApp\.truck_state.json
2026-02-15 12:19:25,667 [INFO] Loaded state from C:\Users\dinkleburgh\TruckApp\.truck_state.json
2026-02-15 12:19:25,698 [INFO] Loaded state from C:\Users\dinkleburgh\TruckApp\.truck_state.json
2026-02-15 12:19:26,836 [INFO] Loaded state from C:\Users\dinkleburgh\TruckApp\.truck_state.json
2026-02-15 12:19:26,876 [INFO] Loaded state from C:\Users\dinkleburgh\TruckApp\.truck_state.json
2026-02-15 12:19:27,822 [INFO] Loaded state from C:\Users\dinkleburgh\TruckApp\.truck_state.json
2026-02-15 12:19:27,865 [INFO] Loaded state from C:\Users\dinkleburgh\TruckApp\.truck_state.json
2026-02-15 12:19:37,053 [INFO] Loaded state from C:\Users\dinkleburgh\TruckApp\.truck_state.json
2026-02-15 12:19:37,093 [INFO] Loaded state from C:\Users\dinkleburgh\TruckApp\.truck_state.json
2026-02-15 12:19:41,136 [INFO] Loaded state from C:\Users\dinkleburgh\TruckApp\.truck_state.json
2026-02-15 12:19:41,178 [INFO] Loaded state from C:\Users\dinkleburgh\TruckApp\.truck_state.json
2026-02-15 12:19:42,384 [INFO] Loaded state from C:\Users\dinkleburgh\TruckApp\.truck_state.json
2026-02-15 12:19:42,422 [INFO] Loaded state from C:\Users\dinkleburgh\TruckApp\.truck_state.json
2026-02-15 12:19:46,891 [INFO] Loaded state from C:\Users\dinkleburgh\TruckApp\.truck_state.json
2026-02-15 12:19:46,996 [INFO] Loaded state from C:\Users\dinkleburgh\TruckApp\.truck_state.json
2026-02-15 12:19:47,036 [INFO] Loaded state from C:\Users\dinkleburgh\TruckApp\.truck_state.json
2026-02-15 12:19:49,368 [INFO] Loaded state from C:\Users\dinkleburgh\TruckApp\.truck_state.json
2026-02-15 12:19:49,405 [INFO] Loaded state from C:\Users\dinkleburgh\TruckApp\.truck_state.json
2026-02-15 12:19:52,672 [INFO] Loaded state from C:\Users\dinkleburgh\TruckApp\.truck_state.json
2026-02-15 12:19:52,688 [INFO] Loaded state from C:\Users\dinkleburgh\TruckApp\.truck_state.json
2026-02-15 12:19:55,109 [INFO] Loaded state from C:\Users\dinkleburgh\TruckApp\.truck_state.json
2026-02-15 12:19:55,162 [INFO] Loaded state from C:\Users\dinkleburgh\TruckApp\.truck_state.json
2026-02-15 12:19:57,279 [INFO] Loaded state from C:\Users\dinkleburgh\TruckApp\.truck_state.json
2026-02-15 12:19:57,328 [INFO] Loaded state from C:\Users\dinkleburgh\TruckApp\.truck_state.json
2026-02-15 12:20:02,018 [INFO] Loaded state from C:\Users\dinkleburgh\TruckApp\.truck_state.json
2026-02-15 12:20:02,120 [INFO] Loaded state from C:\Users\dinkleburgh\TruckApp\.truck_state.json
2026-02-15 12:20:02,178 [INFO] Loaded state from C:\Users\dinkleburgh\TruckApp\.truck_state.json
2026-02-15 12:20:03,144 [INFO] Loaded state from C:\Users\dinkleburgh\TruckApp\.truck_state.json
2026-02-15 12:20:03,205 [INFO] Loaded state from C:\Users\dinkleburgh\TruckApp\.truck_state.json
2026-02-15 12:20:08,925 [INFO] Loaded state from C:\Users\dinkleburgh\TruckApp\.truck_state.json
2026-02-15 12:20:08,976 [INFO] Loaded state from C:\Users\dinkleburgh\TruckApp\.truck_state.json
2026-02-15 12:20:48,839 [INFO] Loaded state from C:\Users\dinkleburgh\TruckApp\.truck_state.json
2026-02-15 12:20:48,898 [INFO] Loaded state from C:\Users\dinkleburgh\TruckApp\.truck_state.json
2026-02-15 12:20:52,532 [INFO] Loaded state from C:\Users\dinkleburgh\TruckApp\.truck_state.json
2026-02-15 12:20:52,663 [INFO] Loaded state from C:\Users\dinkleburgh\TruckApp\.truck_state.json
2026-02-15 12:20:52,711 [INFO] Loaded state from C:\Users\dinkleburgh\TruckApp\.truck_state.json
2026-02-15 12:21:09,637 [INFO] Loaded state from C:\Users\dinkleburgh\TruckApp\.truck_state.json
2026-02-15 12:21:09,684 [INFO] Loaded state from C:\Users\dinkleburgh\TruckApp\.truck_state.json
2026-02-15 12:21:11,648 [INFO] Loaded state from C:\Users\dinkleburgh\TruckApp\.truck_state.json
2026-02-15 12:21:18,555 [INFO] Loaded state from C:\Users\dinkleburgh\TruckApp\.truck_state.json
2026-02-15 12:21:18,878 [INFO] Loaded state from C:\Users\dinkleburgh\TruckApp\.truck_state.json
2026-02-15 12:21:18,933 [INFO] Loaded state from C:\Users\dinkleburgh\TruckApp\.truck_state.json
2026-02-15 12:21:20,661 [INFO] Loaded state from C:\Users\dinkleburgh\TruckApp\.truck_state.json
2026-02-15 12:21:20,709 [INFO] Loaded state from C:\Users\dinkleburgh\TruckApp\.truck_state.json
2026-02-15 12:21:27,564 [INFO] Loaded state from C:\Users\dinkleburgh\TruckApp\.truck_state.json
2026-02-15 12:21:27,987 [INFO] Loaded state from C:\Users\dinkleburgh\TruckApp\.truck_state.json
2026-02-15 12:21:28,038 [INFO] Loaded state from C:\Users\dinkleburgh\TruckApp\.truck_state.json
2026-02-15 12:21:28,895 [INFO] Loaded state from C:\Users\dinkleburgh\TruckApp\.truck_state.json
2026-02-15 12:21:28,942 [INFO] Loaded state from C:\Users\dinkleburgh\TruckApp\.truck_state.json
2026-02-15 12:21:29,093 [INFO] Loaded state from C:\Users\dinkleburgh\TruckApp\.truck_state.json
2026-02-15 12:21:29,145 [INFO] Loaded state from C:\Users\dinkleburgh\TruckApp\.truck_state.json
2026-02-15 12:21:29,312 [INFO] Loaded state from C:\Users\dinkleburgh\TruckApp\.truck_state.json
2026-02-15 12:21:29,357 [INFO] Loaded state from C:\Users\dinkleburgh\TruckApp\.truck_state.json
2026-02-15 12:21:35,817 [INFO] Loaded state from C:\Users\dinkleburgh\TruckApp\.truck_state.json
2026-02-15 12:21:35,863 [INFO] Loaded state from C:\Users\dinkleburgh\TruckApp\.truck_state.json
2026-02-15 12:21:45,854 [INFO] Loaded state from C:\Users\dinkleburgh\TruckApp\.truck_state.json
2026-02-15 12:22:41,242 [INFO] Loaded state from C:\Users\dinkleburgh\TruckApp\.truck_state.json
2026-02-15 12:22:41,288 [INFO] Loaded state from C:\Users\dinkleburgh\TruckApp\.truck_state.json
2026-02-15 12:22:42,599 [INFO] Loaded state from C:\Users\dinkleburgh\TruckApp\.truck_state.json
2026-02-15 12:22:42,657 [INFO] Loaded state from C:\Users\dinkleburgh\TruckApp\.truck_state.json
2026-02-15 12:22:45,914 [INFO] Loaded state from C:\Users\dinkleburgh\TruckApp\.truck_state.json
2026-02-15 12:22:48,251 [INFO] Loaded state from C:\Users\dinkleburgh\TruckApp\.truck_state.json
2026-02-15 12:22:48,602 [INFO] Loaded state from C:\Users\dinkleburgh\TruckApp\.truck_state.json
2026-02-15 12:22:48,654 [INFO] Loaded state from C:\Users\dinkleburgh\TruckApp\.truck_state.json
2026-02-15 12:22:49,561 [INFO] Loaded state from C:\Users\dinkleburgh\TruckApp\.truck_state.json
2026-02-15 12:22:49,622 [INFO] Loaded state from C:\Users\dinkleburgh\TruckApp\.truck_state.json
2026-02-15 12:22:52,562 [INFO] Loaded state from C:\Users\dinkleburgh\TruckApp\.truck_state.json
2026-02-15 12:22:55,286 [INFO] Loaded state from C:\Users\dinkleburgh\TruckApp\.truck_state.json
2026-02-15 12:22:55,873 [INFO] Loaded state from C:\Users\dinkleburgh\TruckApp\.truck_state.json
2026-02-15 12:22:55,925 [INFO] Loaded state from C:\Users\dinkleburgh\TruckApp\.truck_state.json
2026-02-15 12:22:56,854 [INFO] Loaded state from C:\Users\dinkleburgh\TruckApp\.truck_state.json
2026-02-15 12:22:56,918 [INFO] Loaded state from C:\Users\dinkleburgh\TruckApp\.truck_state.json
2026-02-15 12:22:59,907 [INFO] Loaded state from C:\Users\dinkleburgh\TruckApp\.truck_state.json
2026-02-15 12:23:01,816 [INFO] Loaded state from C:\Users\dinkleburgh\TruckApp\.truck_state.json
2026-02-15 12:23:03,214 [INFO] Loaded state from C:\Users\dinkleburgh\TruckApp\.truck_state.json
2026-02-15 12:23:03,266 [INFO] Loaded state from C:\Users\dinkleburgh\TruckApp\.truck_state.json
2026-02-15 12:23:10,023 [INFO] Loaded state from C:\Users\dinkleburgh\TruckApp\.truck_state.json
2026-02-15 12:23:10,071 [INFO] Loaded state from C:\Users\dinkleburgh\TruckApp\.truck_state.json
2026-02-15 12:23:12,332 [INFO] Loaded state from C:\Users\dinkleburgh\TruckApp\.truck_state.json
2026-02-15 12:23:37,048 [INFO] Loaded state from C:\Users\dinkleburgh\TruckApp\.truck_state.json
2026-02-15 12:23:37,092 [INFO] Loaded state from C:\Users\dinkleburgh\TruckApp\.truck_state.json
2026-02-15 12:23:38,743 [INFO] Loaded state from C:\Users\dinkleburgh\TruckApp\.truck_state.json
2026-02-15 12:23:38,789 [INFO] Loaded state from C:\Users\dinkleburgh\TruckApp\.truck_state.json
2026-02-15 12:23:40,601 [INFO] Loaded state from C:\Users\dinkleburgh\TruckApp\.truck_state.json
2026-02-15 12:23:40,648 [INFO] Loaded state from C:\Users\dinkleburgh\TruckApp\.truck_state.json
2026-02-15 12:23:44,114 [INFO] Loaded state from C:\Users\dinkleburgh\TruckApp\.truck_state.json
2026-02-15 12:23:44,167 [INFO] Loaded state from C:\Users\dinkleburgh\TruckApp\.truck_state.json
2026-02-15 12:23:58,595 [INFO] Loaded state from C:\Users\dinkleburgh\TruckApp\.truck_state.json
2026-02-15 12:23:58,672 [INFO] Loaded state from C:\Users\dinkleburgh\TruckApp\.truck_state.json
2026-02-15 12:24:00,216 [INFO] Loaded state from C:\Users\dinkleburgh\TruckApp\.truck_state.json
2026-02-15 12:24:00,280 [INFO] Loaded state from C:\Users\dinkleburgh\TruckApp\.truck_state.json
2026-02-15 12:24:04,567 [INFO] Loaded state from C:\Users\dinkleburgh\TruckApp\.truck_state.json
2026-02-15 12:24:04,638 [INFO] Loaded state from C:\Users\dinkleburgh\TruckApp\.truck_state.json
2026-02-15 12:24:09,116 [INFO] Loaded state from C:\Users\dinkleburgh\TruckApp\.truck_state.json
2026-02-15 12:24:09,162 [INFO] Loaded state from C:\Users\dinkleburgh\TruckApp\.truck_state.json
2026-02-15 12:24:10,228 [INFO] Loaded state from C:\Users\dinkleburgh\TruckApp\.truck_state.json
2026-02-15 12:24:10,291 [INFO] Loaded state from C:\Users\dinkleburgh\TruckApp\.truck_state.json
2026-02-15 12:24:18,804 [INFO] Loaded state from C:\Users\dinkleburgh\TruckApp\.truck_state.json
2026-02-15 12:24:18,858 [INFO] Loaded state from C:\Users\dinkleburgh\TruckApp\.truck_state.json
2026-02-15 12:24:24,213 [INFO] Loaded state from C:\Users\dinkleburgh\TruckApp\.truck_state.json
2026-02-15 12:24:24,259 [INFO] Loaded state from C:\Users\dinkleburgh\TruckApp\.truck_state.json
2026-02-15 12:24:26,209 [INFO] Loaded state from C:\Users\dinkleburgh\TruckApp\.truck_state.json
2026-02-15 12:24:26,260 [INFO] Loaded state from C:\Users\dinkleburgh\TruckApp\.truck_state.json
2026-02-15 12:24:27,506 [INFO] Loaded state from C:\Users\dinkleburgh\TruckApp\.truck_state.json
2026-02-15 12:24:27,559 [INFO] Loaded state from C:\Users\dinkleburgh\TruckApp\.truck_state.json
2026-02-15 12:24:32,709 [INFO] Loaded state from C:\Users\dinkleburgh\TruckApp\.truck_state.json
2026-02-15 12:24:32,760 [INFO] Loaded state from C:\Users\dinkleburgh\TruckApp\.truck_state.json
2026-02-15 12:24:34,868 [INFO] Loaded state from C:\Users\dinkleburgh\TruckApp\.truck_state.json
2026-02-15 12:24:34,919 [INFO] Loaded state from C:\Users\dinkleburgh\TruckApp\.truck_state.json
2026-02-15 12:24:35,668 [INFO] Loaded state from C:\Users\dinkleburgh\TruckApp\.truck_state.json
2026-02-15 12:24:35,718 [INFO] Loaded state from C:\Users\dinkleburgh\TruckApp\.truck_state.json
2026-02-15 12:24:37,937 [INFO] Loaded state from C:\Users\dinkleburgh\TruckApp\.truck_state.json
2026-02-15 12:24:37,988 [INFO] Loaded state from C:\Users\dinkleburgh\TruckApp\.truck_state.json
2026-02-15 12:24:39,279 [INFO] Loaded state from C:\Users\dinkleburgh\TruckApp\.truck_state.json
2026-02-15 12:24:39,332 [INFO] Loaded state from C:\Users\dinkleburgh\TruckApp\.truck_state.json
2026-02-15 12:24:40,252 [INFO] Loaded state from C:\Users\dinkleburgh\TruckApp\.truck_state.json
2026-02-15 12:24:40,306 [INFO] Loaded state from C:\Users\dinkleburgh\TruckApp\.truck_state.json
2026-02-15 12:24:41,824 [INFO] Loaded state from C:\Users\dinkleburgh\TruckApp\.truck_state.json
2026-02-15 12:24:41,873 [INFO] Loaded state from C:\Users\dinkleburgh\TruckApp\.truck_state.json
2026-02-15 12:24:47,711 [INFO] Loaded state from C:\Users\dinkleburgh\TruckApp\.truck_state.json
2026-02-15 12:24:47,761 [INFO] Loaded state from C:\Users\dinkleburgh\TruckApp\.truck_state.json
2026-02-15 12:24:51,385 [INFO] Loaded state from C:\Users\dinkleburgh\TruckApp\.truck_state.json
2026-02-15 12:24:51,488 [INFO] Loaded state from C:\Users\dinkleburgh\TruckApp\.truck_state.json
2026-02-15 12:24:51,538 [INFO] Loaded state from C:\Users\dinkleburgh\TruckApp\.truck_state.json
2026-02-15 12:24:57,417 [INFO] Loaded state from C:\Users\dinkleburgh\TruckApp\.truck_state.json
2026-02-15 12:25:00,424 [INFO] Loaded state from C:\Users\dinkleburgh\TruckApp\.truck_state.json
2026-02-15 12:25:00,473 [INFO] Loaded state from C:\Users\dinkleburgh\TruckApp\.truck_state.json
2026-02-15 12:25:00,998 [INFO] Loaded state from C:\Users\dinkleburgh\TruckApp\.truck_state.json
2026-02-15 12:25:01,054 [INFO] Loaded state from C:\Users\dinkleburgh\TruckApp\.truck_state.json
2026-02-15 12:25:07,867 [INFO] Loaded state from C:\Users\dinkleburgh\TruckApp\.truck_state.json
2026-02-15 12:25:07,924 [INFO] Loaded state from C:\Users\dinkleburgh\TruckApp\.truck_state.json
2026-02-15 12:25:09,248 [INFO] Loaded state from C:\Users\dinkleburgh\TruckApp\.truck_state.json
2026-02-15 12:25:09,305 [INFO] Loaded state from C:\Users\dinkleburgh\TruckApp\.truck_state.json
2026-02-15 12:25:19,386 [INFO] Loaded state from C:\Users\dinkleburgh\TruckApp\.truck_state.json
2026-02-15 12:25:19,434 [INFO] Loaded state from C:\Users\dinkleburgh\TruckApp\.truck_state.json
2026-02-15 12:25:29,029 [INFO] Loaded state from C:\Users\dinkleburgh\TruckApp\.truck_state.json
2026-02-15 12:25:29,052 [INFO] Daily notes updated from Management tab.
2026-02-15 12:25:31,598 [INFO] Loaded state from C:\Users\dinkleburgh\TruckApp\.truck_state.json
2026-02-15 12:25:31,637 [INFO] Loaded state from C:\Users\dinkleburgh\TruckApp\.truck_state.json
2026-02-15 12:25:34,801 [INFO] Loaded state from C:\Users\dinkleburgh\TruckApp\.truck_state.json
2026-02-15 12:25:34,846 [INFO] Loaded state from C:\Users\dinkleburgh\TruckApp\.truck_state.json
2026-02-15 12:26:03,236 [INFO] Loaded state from C:\Users\dinkleburgh\TruckApp\.truck_state.json
2026-02-15 12:26:03,279 [INFO] Loaded state from C:\Users\dinkleburgh\TruckApp\.truck_state.json
2026-02-15 12:26:12,887 [INFO] Loaded state from C:\Users\dinkleburgh\TruckApp\.truck_state.json
2026-02-15 12:26:27,128 [INFO] Loaded state from C:\Users\dinkleburgh\TruckApp\.truck_state.json
2026-02-15 12:26:27,190 [INFO] Loaded state from C:\Users\dinkleburgh\TruckApp\.truck_state.json
2026-02-15 12:26:32,006 [INFO] Loaded state from C:\Users\dinkleburgh\TruckApp\.truck_state.json
2026-02-15 12:26:35,235 [INFO] Loaded state from C:\Users\dinkleburgh\TruckApp\.truck_state.json
2026-02-15 12:26:35,980 [INFO] Loaded state from C:\Users\dinkleburgh\TruckApp\.truck_state.json
2026-02-15 12:26:36,031 [INFO] Loaded state from C:\Users\dinkleburgh\TruckApp\.truck_state.json
2026-02-15 12:26:46,755 [INFO] Loaded state from C:\Users\dinkleburgh\TruckApp\.truck_state.json
2026-02-15 12:26:46,801 [INFO] Loaded state from C:\Users\dinkleburgh\TruckApp\.truck_state.json
2026-02-15 12:26:54,814 [INFO] Loaded state from C:\Users\dinkleburgh\TruckApp\.truck_state.json
2026-02-15 12:26:54,859 [INFO] Loaded state from C:\Users\dinkleburgh\TruckApp\.truck_state.json
2026-02-15 12:27:04,834 [INFO] Loaded state from C:\Users\dinkleburgh\TruckApp\.truck_state.json
2026-02-15 12:27:04,879 [INFO] Loaded state from C:\Users\dinkleburgh\TruckApp\.truck_state.json
2026-02-15 12:27:08,353 [INFO] Loaded state from C:\Users\dinkleburgh\TruckApp\.truck_state.json
2026-02-15 12:27:08,402 [INFO] Loaded state from C:\Users\dinkleburgh\TruckApp\.truck_state.json
2026-02-15 12:27:09,151 [INFO] Loaded state from C:\Users\dinkleburgh\TruckApp\.truck_state.json
2026-02-15 12:27:09,206 [INFO] Loaded state from C:\Users\dinkleburgh\TruckApp\.truck_state.json
2026-02-15 12:27:10,823 [INFO] Loaded state from C:\Users\dinkleburgh\TruckApp\.truck_state.json
2026-02-15 12:27:10,880 [INFO] Loaded state from C:\Users\dinkleburgh\TruckApp\.truck_state.json
2026-02-15 12:27:11,428 [INFO] Loaded state from C:\Users\dinkleburgh\TruckApp\.truck_state.json
2026-02-15 12:27:11,480 [INFO] Loaded state from C:\Users\dinkleburgh\TruckApp\.truck_state.json
2026-02-15 12:27:14,782 [INFO] Loaded state from C:\Users\dinkleburgh\TruckApp\.truck_state.json
2026-02-15 12:27:14,840 [INFO] Loaded state from C:\Users\dinkleburgh\TruckApp\.truck_state.json
2026-02-15 12:27:16,965 [INFO] Loaded state from C:\Users\dinkleburgh\TruckApp\.truck_state.json
2026-02-15 12:27:17,018 [INFO] Loaded state from C:\Users\dinkleburgh\TruckApp\.truck_state.json
2026-02-15 12:27:18,295 [INFO] Loaded state from C:\Users\dinkleburgh\TruckApp\.truck_state.json
2026-02-15 12:27:18,347 [INFO] Loaded state from C:\Users\dinkleburgh\TruckApp\.truck_state.json
2026-02-15 12:27:19,099 [INFO] Loaded state from C:\Users\dinkleburgh\TruckApp\.truck_state.json
2026-02-15 12:27:19,160 [INFO] Loaded state from C:\Users\dinkleburgh\TruckApp\.truck_state.json
2026-02-15 12:27:20,029 [INFO] Loaded state from C:\Users\dinkleburgh\TruckApp\.truck_state.json
2026-02-15 12:27:20,079 [INFO] Loaded state from C:\Users\dinkleburgh\TruckApp\.truck_state.json
2026-02-15 12:27:59,340 [INFO] Loaded state from C:\Users\dinkleburgh\TruckApp\.truck_state.json
2026-02-15 12:27:59,407 [INFO] Loaded state from C:\Users\dinkleburgh\TruckApp\.truck_state.json
2026-02-15 12:28:01,162 [INFO] Loaded state from C:\Users\dinkleburgh\TruckApp\.truck_state.json
2026-02-15 12:28:01,222 [INFO] Loaded state from C:\Users\dinkleburgh\TruckApp\.truck_state.json
2026-02-15 12:28:07,170 [INFO] Loaded state from C:\Users\dinkleburgh\TruckApp\.truck_state.json
2026-02-15 12:28:07,212 [INFO] Loaded state from C:\Users\dinkleburgh\TruckApp\.truck_state.json
2026-02-15 12:28:10,762 [INFO] Loaded state from C:\Users\dinkleburgh\TruckApp\.truck_state.json
2026-02-15 12:28:10,805 [INFO] Loaded state from C:\Users\dinkleburgh\TruckApp\.truck_state.json
2026-02-15 12:28:12,482 [INFO] Loaded state from C:\Users\dinkleburgh\TruckApp\.truck_state.json
2026-02-15 12:28:12,532 [INFO] Loaded state from C:\Users\dinkleburgh\TruckApp\.truck_state.json
2026-02-15 12:28:12,923 [INFO] Loaded state from C:\Users\dinkleburgh\TruckApp\.truck_state.json
2026-02-15 12:28:12,972 [INFO] Loaded state from C:\Users\dinkleburgh\TruckApp\.truck_state.json
2026-02-15 12:28:16,008 [INFO] Loaded state from C:\Users\dinkleburgh\TruckApp\.truck_state.json
2026-02-15 12:28:16,050 [INFO] Loaded state from C:\Users\dinkleburgh\TruckApp\.truck_state.json
2026-02-15 13:04:23,801 [WARNING] State file not found: C:\Users\dinkleburgh\TruckApp\.truck_state.json
2026-02-15 13:06:59,127 [INFO] Loaded state from C:\Users\dinkleburgh\TruckApp\.truck_state.json
2026-02-15 13:06:59,175 [INFO] Loaded state from C:\Users\dinkleburgh\TruckApp\.truck_state.json
2026-02-15 13:06:59,569 [INFO] Loaded state from C:\Users\dinkleburgh\TruckApp\.truck_state.json
2026-02-15 13:06:59,613 [INFO] Loaded state from C:\Users\dinkleburgh\TruckApp\.truck_state.json
2026-02-15 13:07:00,372 [INFO] Loaded state from C:\Users\dinkleburgh\TruckApp\.truck_state.json
2026-02-15 13:07:00,414 [INFO] Loaded state from C:\Users\dinkleburgh\TruckApp\.truck_state.json
2026-02-15 13:07:02,009 [INFO] Loaded state from C:\Users\dinkleburgh\TruckApp\.truck_state.json
2026-02-15 13:07:02,054 [INFO] Loaded state from C:\Users\dinkleburgh\TruckApp\.truck_state.json
2026-02-15 13:07:02,608 [INFO] Loaded state from C:\Users\dinkleburgh\TruckApp\.truck_state.json
2026-02-15 13:07:02,651 [INFO] Loaded state from C:\Users\dinkleburgh\TruckApp\.truck_state.json
2026-02-15 13:07:04,902 [INFO] Loaded state from C:\Users\dinkleburgh\TruckApp\.truck_state.json
2026-02-15 13:07:04,943 [INFO] Loaded state from C:\Users\dinkleburgh\TruckApp\.truck_state.json
2026-02-15 13:07:10,758 [INFO] Loaded state from C:\Users\dinkleburgh\TruckApp\.truck_state.json
2026-02-15 13:07:10,808 [INFO] Loaded state from C:\Users\dinkleburgh\TruckApp\.truck_state.json
2026-02-15 13:07:10,860 [INFO] Loaded state from C:\Users\dinkleburgh\TruckApp\.truck_state.json
2026-02-15 13:52:22,455 [INFO] Loaded state from C:\Users\dinkleburgh\TruckApp\.truck_state.json
2026-02-15 13:52:22,666 [INFO] Loaded state from C:\Users\dinkleburgh\TruckApp\.truck_state.json
2026-02-15 13:53:30,553 [INFO] Loaded state from C:\Users\dinkleburgh\TruckApp\.truck_state.json
2026-02-15 13:53:30,594 [INFO] Loaded state from C:\Users\dinkleburgh\TruckApp\.truck_state.json
2026-02-15 13:55:03,225 [INFO] Loaded state from C:\Users\dinkleburgh\TruckApp\.truck_state.json
2026-02-15 13:55:03,266 [INFO] Loaded state from C:\Users\dinkleburgh\TruckApp\.truck_state.json
2026-02-15 14:32:52,468 [INFO] Loaded state from C:\Users\dinkleburgh\TruckApp\.truck_state.json
2026-02-15 14:32:52,527 [INFO] Loaded state from C:\Users\dinkleburgh\TruckApp\.truck_state.json
2026-02-15 14:32:56,135 [INFO] Loaded state from C:\Users\dinkleburgh\TruckApp\.truck_state.json
2026-02-15 14:32:56,168 [INFO] Loaded state from C:\Users\dinkleburgh\TruckApp\.truck_state.json
2026-02-15 14:32:56,901 [INFO] Loaded state from C:\Users\dinkleburgh\TruckApp\.truck_state.json
2026-02-15 14:32:56,933 [INFO] Loaded state from C:\Users\dinkleburgh\TruckApp\.truck_state.json
2026-02-15 15:55:42,566 [INFO] Loaded state from C:\Users\dinkleburgh\TruckApp\.truck_state.json
2026-02-15 15:55:42,617 [INFO] Loaded state from C:\Users\dinkleburgh\TruckApp\.truck_state.json
2026-02-15 16:44:27,766 [INFO] Loaded state from C:\Users\dinkleburgh\TruckApp\.truck_state.json
2026-02-15 16:44:27,810 [INFO] Loaded state from C:\Users\dinkleburgh\TruckApp\.truck_state.json
2026-02-15 16:44:41,396 [INFO] Loaded state from C:\Users\dinkleburgh\TruckApp\.truck_state.json
2026-02-15 16:44:41,443 [INFO] Loaded state from C:\Users\dinkleburgh\TruckApp\.truck_state.json
2026-02-15 16:47:40,195 [INFO] Loaded state from C:\Users\dinkleburgh\TruckApp\.truck_state.json
2026-02-15 16:47:40,431 [INFO] Loaded state from C:\Users\dinkleburgh\TruckApp\.truck_state.json
2026-02-15 16:51:02,585 [INFO] Loaded state from C:\Users\dinkleburgh\TruckApp\.truck_state.json
2026-02-15 16:51:02,633 [INFO] Loaded state from C:\Users\dinkleburgh\TruckApp\.truck_state.json
2026-02-15 16:53:15,743 [INFO] Loaded state from C:\Users\dinkleburgh\TruckApp\.truck_state.json
2026-02-15 16:53:20,191 [INFO] Loaded state from C:\Users\dinkleburgh\TruckApp\.truck_state.json
2026-02-15 16:54:05,082 [INFO] Loaded state from C:\Users\dinkleburgh\TruckApp\.truck_state.json
2026-02-15 16:54:13,838 [INFO] Loaded state from C:\Users\dinkleburgh\TruckApp\.truck_state.json
2026-02-15 16:54:13,890 [INFO] Loaded state from C:\Users\dinkleburgh\TruckApp\.truck_state.json
2026-02-15 16:55:49,100 [INFO] Loaded state from C:\Users\dinkleburgh\TruckApp\.truck_state.json
2026-02-15 16:55:49,132 [INFO] Loaded state from C:\Users\dinkleburgh\TruckApp\.truck_state.json
2026-02-15 16:55:49,928 [INFO] Loaded state from C:\Users\dinkleburgh\TruckApp\.truck_state.json
2026-02-15 16:55:49,957 [INFO] Loaded state from C:\Users\dinkleburgh\TruckApp\.truck_state.json
2026-02-15 16:55:51,061 [INFO] Loaded state from C:\Users\dinkleburgh\TruckApp\.truck_state.json
2026-02-15 16:55:51,116 [INFO] Loaded state from C:\Users\dinkleburgh\TruckApp\.truck_state.json
2026-02-15 16:55:52,772 [INFO] Loaded state from C:\Users\dinkleburgh\TruckApp\.truck_state.json
2026-02-15 16:55:52,815 [INFO] Loaded state from C:\Users\dinkleburgh\TruckApp\.truck_state.json
2026-02-15 16:55:55,310 [INFO] Loaded state from C:\Users\dinkleburgh\TruckApp\.truck_state.json
2026-02-15 16:55:55,339 [INFO] Loaded state from C:\Users\dinkleburgh\TruckApp\.truck_state.json
2026-02-15 16:55:56,403 [INFO] Loaded state from C:\Users\dinkleburgh\TruckApp\.truck_state.json
2026-02-15 16:55:56,435 [INFO] Loaded state from C:\Users\dinkleburgh\TruckApp\.truck_state.json
2026-02-15 16:55:58,418 [INFO] Loaded state from C:\Users\dinkleburgh\TruckApp\.truck_state.json
2026-02-15 16:56:00,117 [INFO] Loaded state from C:\Users\dinkleburgh\TruckApp\.truck_state.json
2026-02-15 16:56:00,157 [INFO] Loaded state from C:\Users\dinkleburgh\TruckApp\.truck_state.json
2026-02-15 16:56:00,208 [INFO] Loaded state from C:\Users\dinkleburgh\TruckApp\.truck_state.json
2026-02-15 16:56:05,275 [INFO] Loaded state from C:\Users\dinkleburgh\TruckApp\.truck_state.json
2026-02-15 16:56:05,325 [INFO] Loaded state from C:\Users\dinkleburgh\TruckApp\.truck_state.json
2026-02-15 16:56:10,506 [INFO] Loaded state from C:\Users\dinkleburgh\TruckApp\.truck_state.json
2026-02-15 16:56:10,556 [INFO] Loaded state from C:\Users\dinkleburgh\TruckApp\.truck_state.json
2026-02-15 16:56:14,072 [INFO] Loaded state from C:\Users\dinkleburgh\TruckApp\.truck_state.json
2026-02-15 16:56:16,769 [INFO] Loaded state from C:\Users\dinkleburgh\TruckApp\.truck_state.json
2026-02-15 16:56:16,819 [INFO] Loaded state from C:\Users\dinkleburgh\TruckApp\.truck_state.json
2026-02-15 16:56:21,384 [INFO] Loaded state from C:\Users\dinkleburgh\TruckApp\.truck_state.json
2026-02-15 16:56:21,436 [INFO] Loaded state from C:\Users\dinkleburgh\TruckApp\.truck_state.json
2026-02-15 16:56:24,336 [INFO] Loaded state from C:\Users\dinkleburgh\TruckApp\.truck_state.json
2026-02-15 16:56:24,721 [INFO] Loaded state from C:\Users\dinkleburgh\TruckApp\.truck_state.json
2026-02-15 16:56:33,296 [INFO] Loaded state from C:\Users\dinkleburgh\TruckApp\.truck_state.json
2026-02-15 16:56:33,349 [INFO] Loaded state from C:\Users\dinkleburgh\TruckApp\.truck_state.json
2026-02-15 17:39:12,848 [INFO] Loaded state from C:\Users\dinkleburgh\TruckApp\.truck_state.json
2026-02-15 17:39:12,890 [INFO] Loaded state from C:\Users\dinkleburgh\TruckApp\.truck_state.json
2026-02-15 17:40:18,208 [INFO] Loaded state from C:\Users\dinkleburgh\TruckApp\.truck_state.json
2026-02-15 17:40:18,250 [INFO] Loaded state from C:\Users\dinkleburgh\TruckApp\.truck_state.json
2026-02-15 17:41:48,876 [INFO] Loaded state from C:\Users\dinkleburgh\TruckApp\.truck_state.json
2026-02-15 17:41:50,248 [INFO] Loaded state from C:\Users\dinkleburgh\TruckApp\.truck_state.json
2026-02-15 17:41:50,292 [INFO] Loaded state from C:\Users\dinkleburgh\TruckApp\.truck_state.json
2026-02-15 17:43:07,760 [INFO] Loaded state from C:\Users\dinkleburgh\TruckApp\.truck_state.json
2026-02-15 17:43:07,804 [INFO] Loaded state from C:\Users\dinkleburgh\TruckApp\.truck_state.json
2026-02-15 17:43:24,077 [INFO] Loaded state from C:\Users\dinkleburgh\TruckApp\.truck_state.json
2026-02-15 17:43:24,111 [INFO] Loaded state from C:\Users\dinkleburgh\TruckApp\.truck_state.json
2026-02-15 17:43:24,625 [INFO] Loaded state from C:\Users\dinkleburgh\TruckApp\.truck_state.json
2026-02-15 17:43:24,657 [INFO] Loaded state from C:\Users\dinkleburgh\TruckApp\.truck_state.json
2026-02-15 17:43:28,071 [INFO] Loaded state from C:\Users\dinkleburgh\TruckApp\.truck_state.json
2026-02-15 17:43:28,122 [INFO] Loaded state from C:\Users\dinkleburgh\TruckApp\.truck_state.json
2026-02-15 17:43:30,471 [INFO] Loaded state from C:\Users\dinkleburgh\TruckApp\.truck_state.json
2026-02-15 17:43:30,509 [INFO] Loaded state from C:\Users\dinkleburgh\TruckApp\.truck_state.json
2026-02-15 17:43:33,509 [INFO] Loaded state from C:\Users\dinkleburgh\TruckApp\.truck_state.json
2026-02-15 17:43:33,545 [INFO] Loaded state from C:\Users\dinkleburgh\TruckApp\.truck_state.json
2026-02-15 17:43:40,222 [INFO] Loaded state from C:\Users\dinkleburgh\TruckApp\.truck_state.json
2026-02-15 17:43:40,819 [INFO] Loaded state from C:\Users\dinkleburgh\TruckApp\.truck_state.json
2026-02-15 17:43:58,694 [INFO] Loaded state from C:\Users\dinkleburgh\TruckApp\.truck_state.json
2026-02-15 17:43:58,730 [INFO] Loaded state from C:\Users\dinkleburgh\TruckApp\.truck_state.json
2026-02-15 17:44:00,501 [INFO] Loaded state from C:\Users\dinkleburgh\TruckApp\.truck_state.json
2026-02-15 17:44:00,540 [INFO] Loaded state from C:\Users\dinkleburgh\TruckApp\.truck_state.json
2026-02-15 17:44:02,532 [INFO] Loaded state from C:\Users\dinkleburgh\TruckApp\.truck_state.json
2026-02-15 17:44:02,573 [INFO] Loaded state from C:\Users\dinkleburgh\TruckApp\.truck_state.json
2026-02-15 17:44:03,215 [INFO] Loaded state from C:\Users\dinkleburgh\TruckApp\.truck_state.json
2026-02-15 17:44:03,250 [INFO] Loaded state from C:\Users\dinkleburgh\TruckApp\.truck_state.json
2026-02-15 17:44:05,150 [INFO] Loaded state from C:\Users\dinkleburgh\TruckApp\.truck_state.json
2026-02-15 17:44:05,189 [INFO] Loaded state from C:\Users\dinkleburgh\TruckApp\.truck_state.json
2026-02-15 17:44:07,142 [INFO] Loaded state from C:\Users\dinkleburgh\TruckApp\.truck_state.json
2026-02-15 17:44:07,175 [INFO] Loaded state from C:\Users\dinkleburgh\TruckApp\.truck_state.json
2026-02-15 17:44:09,178 [INFO] Loaded state from C:\Users\dinkleburgh\TruckApp\.truck_state.json
2026-02-15 17:44:09,224 [INFO] Loaded state from C:\Users\dinkleburgh\TruckApp\.truck_state.json
2026-02-15 17:44:12,439 [INFO] Loaded state from C:\Users\dinkleburgh\TruckApp\.truck_state.json
2026-02-15 17:44:12,474 [INFO] Loaded state from C:\Users\dinkleburgh\TruckApp\.truck_state.json
2026-02-15 17:44:13,999 [INFO] Loaded state from C:\Users\dinkleburgh\TruckApp\.truck_state.json
2026-02-15 17:44:14,415 [INFO] Loaded state from C:\Users\dinkleburgh\TruckApp\.truck_state.json
2026-02-15 17:44:15,451 [INFO] Loaded state from C:\Users\dinkleburgh\TruckApp\.truck_state.json
2026-02-15 17:44:15,494 [INFO] Loaded state from C:\Users\dinkleburgh\TruckApp\.truck_state.json
2026-02-15 17:44:16,604 [INFO] Loaded state from C:\Users\dinkleburgh\TruckApp\.truck_state.json
2026-02-15 17:44:16,641 [INFO] Loaded state from C:\Users\dinkleburgh\TruckApp\.truck_state.json
2026-02-15 17:44:17,548 [INFO] Loaded state from C:\Users\dinkleburgh\TruckApp\.truck_state.json
2026-02-15 17:44:17,590 [INFO] Loaded state from C:\Users\dinkleburgh\TruckApp\.truck_state.json
2026-02-15 17:44:31,531 [INFO] Loaded state from C:\Users\dinkleburgh\TruckApp\.truck_state.json
2026-02-15 17:44:31,561 [INFO] Loaded state from C:\Users\dinkleburgh\TruckApp\.truck_state.json
2026-02-15 17:44:35,295 [INFO] Loaded state from C:\Users\dinkleburgh\TruckApp\.truck_state.json
2026-02-15 17:44:35,321 [INFO] Loaded state from C:\Users\dinkleburgh\TruckApp\.truck_state.json
2026-02-15 17:44:48,872 [INFO] Loaded state from C:\Users\dinkleburgh\TruckApp\.truck_state.json
2026-02-15 17:44:48,908 [INFO] Loaded state from C:\Users\dinkleburgh\TruckApp\.truck_state.json
2026-02-15 17:44:49,916 [INFO] Loaded state from C:\Users\dinkleburgh\TruckApp\.truck_state.json
2026-02-15 17:44:49,951 [INFO] Loaded state from C:\Users\dinkleburgh\TruckApp\.truck_state.json
2026-02-15 17:44:51,016 [INFO] Loaded state from C:\Users\dinkleburgh\TruckApp\.truck_state.json
2026-02-15 17:44:51,052 [INFO] Loaded state from C:\Users\dinkleburgh\TruckApp\.truck_state.json
2026-02-15 17:45:13,384 [INFO] Loaded state from C:\Users\dinkleburgh\TruckApp\.truck_state.json
2026-02-15 17:45:13,422 [INFO] Loaded state from C:\Users\dinkleburgh\TruckApp\.truck_state.json
2026-02-15 17:45:14,211 [INFO] Loaded state from C:\Users\dinkleburgh\TruckApp\.truck_state.json
2026-02-15 17:45:14,246 [INFO] Loaded state from C:\Users\dinkleburgh\TruckApp\.truck_state.json
2026-02-15 17:45:14,432 [INFO] Loaded state from C:\Users\dinkleburgh\TruckApp\.truck_state.json
2026-02-15 17:45:14,469 [INFO] Loaded state from C:\Users\dinkleburgh\TruckApp\.truck_state.json
2026-02-15 17:45:14,604 [INFO] Loaded state from C:\Users\dinkleburgh\TruckApp\.truck_state.json
2026-02-15 17:45:14,642 [INFO] Loaded state from C:\Users\dinkleburgh\TruckApp\.truck_state.json
2026-02-15 17:45:14,800 [INFO] Loaded state from C:\Users\dinkleburgh\TruckApp\.truck_state.json
2026-02-15 17:45:14,834 [INFO] Loaded state from C:\Users\dinkleburgh\TruckApp\.truck_state.json
2026-02-15 17:45:14,968 [INFO] Loaded state from C:\Users\dinkleburgh\TruckApp\.truck_state.json
2026-02-15 17:45:15,002 [INFO] Loaded state from C:\Users\dinkleburgh\TruckApp\.truck_state.json
2026-02-15 17:45:15,169 [INFO] Loaded state from C:\Users\dinkleburgh\TruckApp\.truck_state.json
2026-02-15 17:45:15,207 [INFO] Loaded state from C:\Users\dinkleburgh\TruckApp\.truck_state.json
2026-02-15 17:55:06,387 [INFO] Loaded state from C:\Users\dinkleburgh\TruckApp\.truck_state.json
2026-02-15 17:55:06,433 [INFO] Loaded state from C:\Users\dinkleburgh\TruckApp\.truck_state.json
2026-02-15 17:55:08,579 [INFO] Loaded state from C:\Users\dinkleburgh\TruckApp\.truck_state.json
2026-02-15 17:55:08,610 [INFO] Loaded state from C:\Users\dinkleburgh\TruckApp\.truck_state.json
2026-02-15 17:55:09,637 [INFO] Loaded state from C:\Users\dinkleburgh\TruckApp\.truck_state.json
2026-02-15 17:55:09,675 [INFO] Loaded state from C:\Users\dinkleburgh\TruckApp\.truck_state.json
2026-02-15 17:55:11,901 [INFO] Loaded state from C:\Users\dinkleburgh\TruckApp\.truck_state.json
2026-02-15 17:55:11,938 [INFO] Loaded state from C:\Users\dinkleburgh\TruckApp\.truck_state.json
2026-02-15 17:55:14,563 [INFO] Loaded state from C:\Users\dinkleburgh\TruckApp\.truck_state.json
2026-02-15 17:55:14,595 [INFO] Loaded state from C:\Users\dinkleburgh\TruckApp\.truck_state.json
2026-02-15 17:55:15,501 [INFO] Loaded state from C:\Users\dinkleburgh\TruckApp\.truck_state.json
2026-02-15 17:55:15,543 [INFO] Loaded state from C:\Users\dinkleburgh\TruckApp\.truck_state.json
2026-02-15 17:55:16,749 [INFO] Loaded state from C:\Users\dinkleburgh\TruckApp\.truck_state.json
2026-02-15 17:55:16,819 [INFO] Loaded state from C:\Users\dinkleburgh\TruckApp\.truck_state.json
2026-02-15 17:55:20,839 [INFO] Loaded state from C:\Users\dinkleburgh\TruckApp\.truck_state.json
2026-02-15 17:55:20,874 [INFO] Loaded state from C:\Users\dinkleburgh\TruckApp\.truck_state.json
2026-02-15 17:55:21,735 [INFO] Loaded state from C:\Users\dinkleburgh\TruckApp\.truck_state.json
2026-02-15 17:55:21,776 [INFO] Loaded state from C:\Users\dinkleburgh\TruckApp\.truck_state.json
2026-02-15 17:55:22,603 [INFO] Loaded state from C:\Users\dinkleburgh\TruckApp\.truck_state.json
2026-02-15 17:55:22,645 [INFO] Loaded state from C:\Users\dinkleburgh\TruckApp\.truck_state.json
2026-02-15 17:55:36,608 [INFO] Loaded state from C:\Users\dinkleburgh\TruckApp\.truck_state.json
2026-02-15 17:55:38,232 [INFO] Loaded state from C:\Users\dinkleburgh\TruckApp\.truck_state.json
2026-02-15 17:56:00,301 [INFO] Loaded state from C:\Users\dinkleburgh\TruckApp\.truck_state.json
2026-02-15 17:56:23,762 [INFO] Loaded state from C:\Users\dinkleburgh\TruckApp\.truck_state.json
2026-02-15 17:56:25,510 [INFO] Loaded state from C:\Users\dinkleburgh\TruckApp\.truck_state.json
2026-02-15 17:58:04,383 [INFO] Loaded state from C:\Users\dinkleburgh\TruckApp\.truck_state.json
2026-02-15 17:58:28,559 [INFO] Loaded state from C:\Users\dinkleburgh\TruckApp\.truck_state.json
2026-02-15 17:58:32,670 [INFO] Loaded state from C:\Users\dinkleburgh\TruckApp\.truck_state.json
2026-02-15 17:58:37,684 [INFO] Loaded state from C:\Users\dinkleburgh\TruckApp\.truck_state.json
2026-02-15 17:58:37,715 [INFO] Loaded state from C:\Users\dinkleburgh\TruckApp\.truck_state.json
2026-02-15 17:58:38,291 [INFO] Loaded state from C:\Users\dinkleburgh\TruckApp\.truck_state.json
2026-02-15 17:58:38,323 [INFO] Loaded state from C:\Users\dinkleburgh\TruckApp\.truck_state.json
2026-02-15 17:58:38,546 [INFO] Loaded state from C:\Users\dinkleburgh\TruckApp\.truck_state.json
2026-02-15 17:58:38,579 [INFO] Loaded state from C:\Users\dinkleburgh\TruckApp\.truck_state.json
2026-02-15 17:58:38,735 [INFO] Loaded state from C:\Users\dinkleburgh\TruckApp\.truck_state.json
2026-02-15 17:58:38,769 [INFO] Loaded state from C:\Users\dinkleburgh\TruckApp\.truck_state.json
2026-02-15 17:58:39,152 [INFO] Loaded state from C:\Users\dinkleburgh\TruckApp\.truck_state.json
2026-02-15 17:58:39,188 [INFO] Loaded state from C:\Users\dinkleburgh\TruckApp\.truck_state.json
2026-02-15 17:58:40,021 [INFO] Loaded state from C:\Users\dinkleburgh\TruckApp\.truck_state.json
2026-02-15 17:58:40,053 [INFO] Loaded state from C:\Users\dinkleburgh\TruckApp\.truck_state.json
2026-02-15 17:59:21,797 [INFO] Loaded state from C:\Users\dinkleburgh\TruckApp\.truck_state.json
2026-02-15 17:59:34,255 [INFO] Loaded state from C:\Users\dinkleburgh\TruckApp\.truck_state.json
2026-02-15 17:59:41,151 [INFO] Loaded state from C:\Users\dinkleburgh\TruckApp\.truck_state.json
2026-02-15 17:59:41,187 [INFO] Loaded state from C:\Users\dinkleburgh\TruckApp\.truck_state.json
2026-02-15 17:59:46,156 [INFO] Loaded state from C:\Users\dinkleburgh\TruckApp\.truck_state.json
2026-02-15 17:59:46,190 [INFO] Loaded state from C:\Users\dinkleburgh\TruckApp\.truck_state.json
2026-02-15 17:59:46,755 [INFO] Loaded state from C:\Users\dinkleburgh\TruckApp\.truck_state.json
2026-02-15 17:59:46,787 [INFO] Loaded state from C:\Users\dinkleburgh\TruckApp\.truck_state.json
2026-02-15 17:59:48,150 [INFO] Loaded state from C:\Users\dinkleburgh\TruckApp\.truck_state.json
2026-02-15 17:59:48,187 [INFO] Loaded state from C:\Users\dinkleburgh\TruckApp\.truck_state.json
2026-02-15 18:01:23,801 [INFO] Loaded state from C:\Users\dinkleburgh\TruckApp\.truck_state.json
2026-02-15 18:01:26,736 [INFO] Loaded state from C:\Users\dinkleburgh\TruckApp\.truck_state.json
2026-02-15 18:01:26,762 [INFO] Loaded state from C:\Users\dinkleburgh\TruckApp\.truck_state.json
2026-02-15 18:01:49,187 [INFO] Loaded state from C:\Users\dinkleburgh\TruckApp\.truck_state.json
2026-02-15 18:01:49,226 [INFO] Loaded state from C:\Users\dinkleburgh\TruckApp\.truck_state.json
2026-02-15 18:01:52,605 [INFO] Loaded state from C:\Users\dinkleburgh\TruckApp\.truck_state.json
2026-02-15 18:01:52,637 [INFO] Loaded state from C:\Users\dinkleburgh\TruckApp\.truck_state.json
2026-02-15 18:02:26,107 [INFO] Loaded state from C:\Users\dinkleburgh\TruckApp\.truck_state.json
2026-02-15 18:03:32,246 [INFO] Loaded state from C:\Users\dinkleburgh\TruckApp\.truck_state.json
2026-02-15 18:03:33,456 [INFO] Loaded state from C:\Users\dinkleburgh\TruckApp\.truck_state.json
2026-02-15 18:03:33,486 [INFO] Loaded state from C:\Users\dinkleburgh\TruckApp\.truck_state.json
2026-02-15 18:03:34,503 [INFO] Loaded state from C:\Users\dinkleburgh\TruckApp\.truck_state.json
2026-02-15 18:03:34,540 [INFO] Loaded state from C:\Users\dinkleburgh\TruckApp\.truck_state.json
2026-02-15 18:03:35,744 [INFO] Loaded state from C:\Users\dinkleburgh\TruckApp\.truck_state.json
2026-02-15 18:03:35,805 [INFO] Loaded state from C:\Users\dinkleburgh\TruckApp\.truck_state.json
2026-02-15 18:03:38,695 [INFO] Loaded state from C:\Users\dinkleburgh\TruckApp\.truck_state.json
2026-02-15 18:03:38,726 [INFO] Loaded state from C:\Users\dinkleburgh\TruckApp\.truck_state.json
2026-02-15 18:05:05,908 [INFO] Loaded state from C:\Users\dinkleburgh\TruckApp\.truck_state.json
2026-02-15 18:05:08,739 [INFO] Loaded state from C:\Users\dinkleburgh\TruckApp\.truck_state.json
2026-02-15 18:05:08,769 [INFO] Loaded state from C:\Users\dinkleburgh\TruckApp\.truck_state.json
2026-02-15 18:05:10,015 [INFO] Loaded state from C:\Users\dinkleburgh\TruckApp\.truck_state.json
2026-02-15 18:05:10,071 [INFO] Loaded state from C:\Users\dinkleburgh\TruckApp\.truck_state.json
2026-02-15 18:05:12,437 [INFO] Loaded state from C:\Users\dinkleburgh\TruckApp\.truck_state.json
2026-02-15 18:05:12,502 [INFO] Loaded state from C:\Users\dinkleburgh\TruckApp\.truck_state.json
2026-02-15 18:05:14,245 [INFO] Loaded state from C:\Users\dinkleburgh\TruckApp\.truck_state.json
2026-02-15 18:05:14,275 [INFO] Loaded state from C:\Users\dinkleburgh\TruckApp\.truck_state.json
2026-02-15 18:05:14,817 [INFO] Loaded state from C:\Users\dinkleburgh\TruckApp\.truck_state.json
2026-02-15 18:05:14,849 [INFO] Loaded state from C:\Users\dinkleburgh\TruckApp\.truck_state.json
2026-02-15 18:05:15,218 [INFO] Loaded state from C:\Users\dinkleburgh\TruckApp\.truck_state.json
2026-02-15 18:05:15,254 [INFO] Loaded state from C:\Users\dinkleburgh\TruckApp\.truck_state.json
2026-02-15 18:05:16,776 [INFO] Loaded state from C:\Users\dinkleburgh\TruckApp\.truck_state.json
2026-02-15 18:05:16,816 [INFO] Loaded state from C:\Users\dinkleburgh\TruckApp\.truck_state.json
2026-02-15 18:05:19,549 [INFO] Loaded state from C:\Users\dinkleburgh\TruckApp\.truck_state.json
2026-02-15 18:05:19,591 [INFO] Loaded state from C:\Users\dinkleburgh\TruckApp\.truck_state.json
2026-02-15 18:05:21,534 [INFO] Loaded state from C:\Users\dinkleburgh\TruckApp\.truck_state.json
2026-02-15 18:05:21,571 [INFO] Loaded state from C:\Users\dinkleburgh\TruckApp\.truck_state.json
2026-02-15 18:05:23,436 [INFO] Loaded state from C:\Users\dinkleburgh\TruckApp\.truck_state.json
2026-02-15 18:05:23,473 [INFO] Loaded state from C:\Users\dinkleburgh\TruckApp\.truck_state.json
2026-02-15 18:05:23,510 [INFO] Loaded state from C:\Users\dinkleburgh\TruckApp\.truck_state.json
2026-02-15 18:05:24,672 [INFO] Loaded state from C:\Users\dinkleburgh\TruckApp\.truck_state.json
2026-02-15 18:05:24,707 [INFO] Loaded state from C:\Users\dinkleburgh\TruckApp\.truck_state.json
2026-02-15 18:06:05,935 [INFO] Loaded state from C:\Users\dinkleburgh\TruckApp\.truck_state.json
2026-02-15 18:06:05,982 [INFO] Loaded state from C:\Users\dinkleburgh\TruckApp\.truck_state.json
2026-02-15 18:06:07,982 [INFO] Loaded state from C:\Users\dinkleburgh\TruckApp\.truck_state.json
2026-02-15 18:06:08,011 [INFO] Loaded state from C:\Users\dinkleburgh\TruckApp\.truck_state.json
2026-02-15 18:06:09,289 [INFO] Loaded state from C:\Users\dinkleburgh\TruckApp\.truck_state.json
2026-02-15 18:06:09,325 [INFO] Loaded state from C:\Users\dinkleburgh\TruckApp\.truck_state.json
2026-02-15 18:06:10,516 [INFO] Loaded state from C:\Users\dinkleburgh\TruckApp\.truck_state.json
2026-02-15 18:06:10,554 [INFO] Loaded state from C:\Users\dinkleburgh\TruckApp\.truck_state.json
2026-02-15 18:06:28,880 [INFO] Loaded state from C:\Users\dinkleburgh\TruckApp\.truck_state.json
2026-02-15 18:06:30,527 [INFO] Loaded state from C:\Users\dinkleburgh\TruckApp\.truck_state.json
2026-02-15 18:06:30,564 [INFO] Loaded state from C:\Users\dinkleburgh\TruckApp\.truck_state.json
2026-02-15 18:06:31,847 [INFO] Loaded state from C:\Users\dinkleburgh\TruckApp\.truck_state.json
2026-02-15 18:06:31,878 [INFO] Loaded state from C:\Users\dinkleburgh\TruckApp\.truck_state.json
2026-02-15 18:06:32,675 [INFO] Loaded state from C:\Users\dinkleburgh\TruckApp\.truck_state.json
2026-02-15 18:06:32,709 [INFO] Loaded state from C:\Users\dinkleburgh\TruckApp\.truck_state.json
2026-02-15 18:06:33,951 [INFO] Loaded state from C:\Users\dinkleburgh\TruckApp\.truck_state.json
2026-02-15 18:06:33,986 [INFO] Loaded state from C:\Users\dinkleburgh\TruckApp\.truck_state.json
2026-02-15 18:06:39,357 [INFO] Loaded state from C:\Users\dinkleburgh\TruckApp\.truck_state.json
2026-02-15 18:06:43,778 [INFO] Loaded state from C:\Users\dinkleburgh\TruckApp\.truck_state.json
2026-02-15 18:06:49,749 [INFO] Loaded state from C:\Users\dinkleburgh\TruckApp\.truck_state.json
2026-02-15 18:06:49,781 [INFO] Loaded state from C:\Users\dinkleburgh\TruckApp\.truck_state.json
2026-02-15 18:06:51,606 [INFO] Loaded state from C:\Users\dinkleburgh\TruckApp\.truck_state.json
2026-02-15 18:06:51,638 [INFO] Loaded state from C:\Users\dinkleburgh\TruckApp\.truck_state.json
2026-02-15 18:07:08,672 [INFO] Loaded state from C:\Users\dinkleburgh\TruckApp\.truck_state.json
2026-02-15 18:07:08,703 [INFO] Loaded state from C:\Users\dinkleburgh\TruckApp\.truck_state.json
2026-02-15 18:07:10,940 [INFO] Loaded state from C:\Users\dinkleburgh\TruckApp\.truck_state.json
2026-02-15 18:07:10,970 [INFO] Loaded state from C:\Users\dinkleburgh\TruckApp\.truck_state.json
2026-02-15 18:07:23,573 [INFO] Loaded state from C:\Users\dinkleburgh\TruckApp\.truck_state.json
2026-02-15 18:07:23,610 [INFO] Loaded state from C:\Users\dinkleburgh\TruckApp\.truck_state.json
2026-02-15 18:07:23,649 [INFO] Loaded state from C:\Users\dinkleburgh\TruckApp\.truck_state.json
2026-02-15 18:07:29,366 [INFO] Loaded state from C:\Users\dinkleburgh\TruckApp\.truck_state.json
2026-02-15 18:07:29,448 [INFO] Loaded state from C:\Users\dinkleburgh\TruckApp\.truck_state.json
2026-02-15 18:08:04,620 [INFO] Loaded state from C:\Users\dinkleburgh\TruckApp\.truck_state.json
2026-02-15 18:08:04,664 [INFO] Loaded state from C:\Users\dinkleburgh\TruckApp\.truck_state.json
2026-02-15 18:08:05,973 [INFO] Loaded state from C:\Users\dinkleburgh\TruckApp\.truck_state.json
2026-02-15 18:08:06,001 [INFO] Loaded state from C:\Users\dinkleburgh\TruckApp\.truck_state.json
2026-02-15 18:08:09,655 [INFO] Loaded state from C:\Users\dinkleburgh\TruckApp\.truck_state.json
2026-02-15 18:08:09,688 [INFO] Loaded state from C:\Users\dinkleburgh\TruckApp\.truck_state.json
2026-02-15 18:08:10,445 [INFO] Loaded state from C:\Users\dinkleburgh\TruckApp\.truck_state.json
2026-02-15 18:08:10,478 [INFO] Loaded state from C:\Users\dinkleburgh\TruckApp\.truck_state.json
2026-02-15 18:08:12,256 [INFO] Loaded state from C:\Users\dinkleburgh\TruckApp\.truck_state.json
2026-02-15 18:08:12,288 [INFO] Loaded state from C:\Users\dinkleburgh\TruckApp\.truck_state.json
2026-02-15 18:08:13,492 [INFO] Loaded state from C:\Users\dinkleburgh\TruckApp\.truck_state.json
2026-02-15 18:08:13,537 [INFO] Loaded state from C:\Users\dinkleburgh\TruckApp\.truck_state.json
2026-02-15 18:08:15,431 [INFO] Loaded state from C:\Users\dinkleburgh\TruckApp\.truck_state.json
2026-02-15 18:08:15,462 [INFO] Loaded state from C:\Users\dinkleburgh\TruckApp\.truck_state.json
2026-02-15 18:09:08,684 [INFO] Loaded state from C:\Users\dinkleburgh\TruckApp\.truck_state.json
2026-02-15 18:09:12,423 [INFO] Loaded state from C:\Users\dinkleburgh\TruckApp\.truck_state.json
2026-02-15 18:09:12,450 [INFO] Loaded state from C:\Users\dinkleburgh\TruckApp\.truck_state.json
2026-02-15 18:09:13,388 [INFO] Loaded state from C:\Users\dinkleburgh\TruckApp\.truck_state.json
2026-02-15 18:09:13,418 [INFO] Loaded state from C:\Users\dinkleburgh\TruckApp\.truck_state.json
2026-02-15 18:09:14,549 [INFO] Loaded state from C:\Users\dinkleburgh\TruckApp\.truck_state.json
2026-02-15 18:09:14,580 [INFO] Loaded state from C:\Users\dinkleburgh\TruckApp\.truck_state.json
2026-02-15 18:09:17,088 [INFO] Loaded state from C:\Users\dinkleburgh\TruckApp\.truck_state.json
2026-02-15 18:09:17,157 [INFO] Loaded state from C:\Users\dinkleburgh\TruckApp\.truck_state.json
2026-02-15 18:09:18,707 [INFO] Loaded state from C:\Users\dinkleburgh\TruckApp\.truck_state.json
2026-02-15 18:09:39,061 [INFO] Loaded state from C:\Users\dinkleburgh\TruckApp\.truck_state.json
2026-02-15 18:10:06,697 [INFO] Loaded state from C:\Users\dinkleburgh\TruckApp\.truck_state.json
2026-02-15 18:10:34,076 [INFO] Loaded state from C:\Users\dinkleburgh\TruckApp\.truck_state.json
2026-02-15 18:10:38,913 [INFO] Loaded state from C:\Users\dinkleburgh\TruckApp\.truck_state.json
2026-02-15 18:10:38,940 [INFO] Loaded state from C:\Users\dinkleburgh\TruckApp\.truck_state.json
2026-02-15 18:10:39,438 [INFO] Loaded state from C:\Users\dinkleburgh\TruckApp\.truck_state.json
2026-02-15 18:10:39,468 [INFO] Loaded state from C:\Users\dinkleburgh\TruckApp\.truck_state.json
2026-02-15 18:10:40,162 [INFO] Loaded state from C:\Users\dinkleburgh\TruckApp\.truck_state.json
2026-02-15 18:10:40,198 [INFO] Loaded state from C:\Users\dinkleburgh\TruckApp\.truck_state.json
2026-02-15 18:10:48,925 [INFO] Loaded state from C:\Users\dinkleburgh\TruckApp\.truck_state.json
2026-02-15 18:10:48,956 [INFO] Loaded state from C:\Users\dinkleburgh\TruckApp\.truck_state.json
2026-02-15 18:15:37,307 [INFO] Loaded state from C:\Users\dinkleburgh\TruckApp\.truck_state.json
2026-02-15 18:15:42,056 [INFO] Loaded state from C:\Users\dinkleburgh\TruckApp\.truck_state.json
2026-02-15 18:15:42,089 [INFO] Loaded state from C:\Users\dinkleburgh\TruckApp\.truck_state.json
2026-02-15 18:22:55,090 [INFO] Loaded state from C:\Users\dinkleburgh\TruckApp\.truck_state.json
2026-02-15 18:22:55,127 [INFO] Loaded state from C:\Users\dinkleburgh\TruckApp\.truck_state.json
2026-02-15 18:22:58,053 [INFO] Loaded state from C:\Users\dinkleburgh\TruckApp\.truck_state.json
2026-02-15 18:22:58,088 [INFO] Loaded state from C:\Users\dinkleburgh\TruckApp\.truck_state.json
2026-02-15 18:22:58,123 [INFO] Loaded state from C:\Users\dinkleburgh\TruckApp\.truck_state.json
2026-02-15 18:22:58,727 [INFO] Loaded state from C:\Users\dinkleburgh\TruckApp\.truck_state.json
2026-02-15 18:22:58,761 [INFO] Loaded state from C:\Users\dinkleburgh\TruckApp\.truck_state.json
2026-02-15 18:23:00,332 [INFO] Loaded state from C:\Users\dinkleburgh\TruckApp\.truck_state.json
2026-02-15 18:23:00,358 [INFO] Loaded state from C:\Users\dinkleburgh\TruckApp\.truck_state.json
2026-02-15 19:10:47,234 [INFO] Loaded state from C:\Users\dinkleburgh\TruckApp\.truck_state.json
2026-02-15 19:10:50,337 [INFO] Loaded state from C:\Users\dinkleburgh\TruckApp\.truck_state.json
2026-02-15 19:12:05,581 [INFO] Loaded state from C:\Users\dinkleburgh\TruckApp\.truck_state.json
2026-02-15 19:12:11,538 [INFO] Loaded state from C:\Users\dinkleburgh\TruckApp\.truck_state.json
2026-02-15 19:12:14,068 [INFO] Loaded state from C:\Users\dinkleburgh\TruckApp\.truck_state.json
2026-02-15 19:14:01,269 [INFO] Loaded state from C:\Users\dinkleburgh\TruckApp\.truck_state.json
2026-02-15 19:14:34,584 [INFO] Loaded state from C:\Users\dinkleburgh\TruckApp\.truck_state.json
2026-02-15 19:14:43,455 [INFO] Loaded state from C:\Users\dinkleburgh\TruckApp\.truck_state.json
2026-02-15 19:14:43,494 [INFO] Loaded state from C:\Users\dinkleburgh\TruckApp\.truck_state.json
2026-02-15 19:14:43,533 [INFO] Loaded state from C:\Users\dinkleburgh\TruckApp\.truck_state.json
2026-02-15 19:14:45,291 [INFO] Loaded state from C:\Users\dinkleburgh\TruckApp\.truck_state.json
2026-02-15 19:14:45,335 [INFO] Loaded state from C:\Users\dinkleburgh\TruckApp\.truck_state.json
2026-02-15 19:14:47,956 [INFO] Loaded state from C:\Users\dinkleburgh\TruckApp\.truck_state.json
2026-02-15 19:14:47,982 [INFO] Loaded state from C:\Users\dinkleburgh\TruckApp\.truck_state.json
2026-02-15 19:14:49,357 [INFO] Loaded state from C:\Users\dinkleburgh\TruckApp\.truck_state.json
2026-02-15 19:15:47,638 [INFO] Loaded state from C:\Users\dinkleburgh\TruckApp\.truck_state.json
2026-02-15 19:15:47,697 [INFO] Loaded state from C:\Users\dinkleburgh\TruckApp\.truck_state.json
2026-02-15 19:15:51,212 [INFO] Loaded state from C:\Users\dinkleburgh\TruckApp\.truck_state.json
2026-02-15 19:15:51,272 [INFO] Loaded state from C:\Users\dinkleburgh\TruckApp\.truck_state.json
2026-02-15 19:15:55,998 [INFO] Loaded state from C:\Users\dinkleburgh\TruckApp\.truck_state.json
2026-02-15 19:15:56,029 [INFO] Loaded state from C:\Users\dinkleburgh\TruckApp\.truck_state.json
2026-02-15 19:15:57,172 [INFO] Loaded state from C:\Users\dinkleburgh\TruckApp\.truck_state.json
2026-02-15 19:15:57,211 [INFO] Loaded state from C:\Users\dinkleburgh\TruckApp\.truck_state.json
2026-02-15 19:15:58,023 [INFO] Loaded state from C:\Users\dinkleburgh\TruckApp\.truck_state.json
2026-02-15 19:15:58,063 [INFO] Loaded state from C:\Users\dinkleburgh\TruckApp\.truck_state.json
2026-02-15 19:16:00,618 [INFO] Loaded state from C:\Users\dinkleburgh\TruckApp\.truck_state.json
2026-02-15 19:16:00,650 [INFO] Loaded state from C:\Users\dinkleburgh\TruckApp\.truck_state.json
2026-02-15 19:16:03,787 [INFO] Loaded state from C:\Users\dinkleburgh\TruckApp\.truck_state.json
2026-02-15 19:16:04,175 [INFO] Loaded state from C:\Users\dinkleburgh\TruckApp\.truck_state.json
2026-02-15 19:16:04,223 [INFO] Loaded state from C:\Users\dinkleburgh\TruckApp\.truck_state.json
2026-02-15 19:16:07,599 [INFO] Loaded state from C:\Users\dinkleburgh\TruckApp\.truck_state.json
2026-02-15 19:16:07,642 [INFO] Loaded state from C:\Users\dinkleburgh\TruckApp\.truck_state.json
2026-02-15 19:16:10,094 [INFO] Loaded state from C:\Users\dinkleburgh\TruckApp\.truck_state.json
2026-02-15 19:16:10,137 [INFO] Loaded state from C:\Users\dinkleburgh\TruckApp\.truck_state.json
2026-02-15 19:16:15,249 [INFO] Loaded state from C:\Users\dinkleburgh\TruckApp\.truck_state.json
2026-02-15 19:16:15,284 [INFO] Loaded state from C:\Users\dinkleburgh\TruckApp\.truck_state.json
2026-02-15 19:16:18,303 [INFO] Loaded state from C:\Users\dinkleburgh\TruckApp\.truck_state.json
2026-02-15 19:16:18,329 [INFO] Loaded state from C:\Users\dinkleburgh\TruckApp\.truck_state.json
2026-02-15 19:16:20,566 [INFO] Loaded state from C:\Users\dinkleburgh\TruckApp\.truck_state.json
2026-02-15 19:16:20,600 [INFO] Loaded state from C:\Users\dinkleburgh\TruckApp\.truck_state.json
2026-02-15 19:16:21,317 [INFO] Loaded state from C:\Users\dinkleburgh\TruckApp\.truck_state.json
2026-02-15 19:16:21,350 [INFO] Loaded state from C:\Users\dinkleburgh\TruckApp\.truck_state.json
2026-02-15 19:16:22,078 [INFO] Loaded state from C:\Users\dinkleburgh\TruckApp\.truck_state.json
2026-02-15 19:16:22,114 [INFO] Loaded state from C:\Users\dinkleburgh\TruckApp\.truck_state.json
2026-02-15 19:16:23,197 [INFO] Loaded state from C:\Users\dinkleburgh\TruckApp\.truck_state.json
2026-02-15 19:16:23,233 [INFO] Loaded state from C:\Users\dinkleburgh\TruckApp\.truck_state.json
2026-02-15 19:16:29,189 [INFO] Loaded state from C:\Users\dinkleburgh\TruckApp\.truck_state.json
2026-02-15 19:16:29,252 [INFO] Loaded state from C:\Users\dinkleburgh\TruckApp\.truck_state.json
2026-02-15 19:21:24,445 [INFO] Loaded state from C:\Users\dinkleburgh\TruckApp\.truck_state.json
2026-02-15 19:21:26,095 [INFO] Loaded state from C:\Users\dinkleburgh\TruckApp\.truck_state.json
2026-02-15 19:21:28,039 [INFO] Loaded state from C:\Users\dinkleburgh\TruckApp\.truck_state.json
2026-02-15 19:21:28,070 [INFO] Loaded state from C:\Users\dinkleburgh\TruckApp\.truck_state.json
2026-02-15 19:21:29,711 [INFO] Loaded state from C:\Users\dinkleburgh\TruckApp\.truck_state.json
2026-02-15 19:21:29,749 [INFO] Loaded state from C:\Users\dinkleburgh\TruckApp\.truck_state.json
2026-02-15 19:21:31,253 [INFO] Loaded state from C:\Users\dinkleburgh\TruckApp\.truck_state.json
2026-02-15 19:21:31,291 [INFO] Loaded state from C:\Users\dinkleburgh\TruckApp\.truck_state.json
2026-02-15 19:21:32,270 [INFO] Loaded state from C:\Users\dinkleburgh\TruckApp\.truck_state.json
2026-02-15 19:21:32,310 [INFO] Loaded state from C:\Users\dinkleburgh\TruckApp\.truck_state.json
2026-02-15 19:21:47,484 [INFO] Loaded state from C:\Users\dinkleburgh\TruckApp\.truck_state.json
2026-02-15 19:21:47,513 [INFO] Loaded state from C:\Users\dinkleburgh\TruckApp\.truck_state.json
2026-02-15 19:21:50,057 [INFO] Loaded state from C:\Users\dinkleburgh\TruckApp\.truck_state.json
2026-02-15 19:21:50,087 [INFO] Loaded state from C:\Users\dinkleburgh\TruckApp\.truck_state.json
2026-02-15 19:21:53,998 [INFO] Loaded state from C:\Users\dinkleburgh\TruckApp\.truck_state.json
2026-02-15 19:21:54,036 [INFO] Loaded state from C:\Users\dinkleburgh\TruckApp\.truck_state.json
2026-02-15 19:21:54,073 [INFO] Loaded state from C:\Users\dinkleburgh\TruckApp\.truck_state.json
2026-02-15 19:21:58,507 [INFO] Loaded state from C:\Users\dinkleburgh\TruckApp\.truck_state.json
2026-02-15 19:22:07,987 [INFO] Loaded state from C:\Users\dinkleburgh\TruckApp\.truck_state.json
2026-02-15 19:22:08,010 [INFO] Daily notes updated from Management tab.
2026-02-15 19:22:08,124 [INFO] Loaded state from C:\Users\dinkleburgh\TruckApp\.truck_state.json
2026-02-15 19:22:11,618 [INFO] Loaded state from C:\Users\dinkleburgh\TruckApp\.truck_state.json
2026-02-15 19:22:11,667 [INFO] Loaded state from C:\Users\dinkleburgh\TruckApp\.truck_state.json
2026-02-15 19:22:13,624 [INFO] Loaded state from C:\Users\dinkleburgh\TruckApp\.truck_state.json
2026-02-15 19:22:13,658 [INFO] Loaded state from C:\Users\dinkleburgh\TruckApp\.truck_state.json
2026-02-15 19:22:16,353 [INFO] Loaded state from C:\Users\dinkleburgh\TruckApp\.truck_state.json
2026-02-15 19:22:16,385 [INFO] Loaded state from C:\Users\dinkleburgh\TruckApp\.truck_state.json
2026-02-15 19:22:22,761 [INFO] Loaded state from C:\Users\dinkleburgh\TruckApp\.truck_state.json
2026-02-15 19:22:22,795 [INFO] Loaded state from C:\Users\dinkleburgh\TruckApp\.truck_state.json
2026-02-15 19:28:56,078 [INFO] Loaded state from C:\Users\dinkleburgh\TruckApp\.truck_state.json
2026-02-15 19:29:09,434 [INFO] Loaded state from C:\Users\dinkleburgh\TruckApp\.truck_state.json
2026-02-15 19:30:10,434 [INFO] Loaded state from C:\Users\dinkleburgh\TruckApp\.truck_state.json
2026-02-15 19:30:17,495 [INFO] Loaded state from C:\Users\dinkleburgh\TruckApp\.truck_state.json
2026-02-15 19:30:31,081 [INFO] Loaded state from C:\Users\dinkleburgh\TruckApp\.truck_state.json
2026-02-15 19:31:15,253 [INFO] Loaded state from C:\Users\dinkleburgh\TruckApp\.truck_state.json
2026-02-15 19:31:17,895 [INFO] Loaded state from C:\Users\dinkleburgh\TruckApp\.truck_state.json
2026-02-15 19:31:17,929 [INFO] Loaded state from C:\Users\dinkleburgh\TruckApp\.truck_state.json
2026-02-15 19:47:22,304 [INFO] Loaded state from C:\Users\dinkleburgh\TruckApp\.truck_state.json
2026-02-15 19:47:26,551 [INFO] Loaded state from C:\Users\dinkleburgh\TruckApp\.truck_state.json
2026-02-15 19:47:26,579 [INFO] Loaded state from C:\Users\dinkleburgh\TruckApp\.truck_state.json
2026-02-15 19:47:43,824 [INFO] Loaded state from C:\Users\dinkleburgh\TruckApp\.truck_state.json
2026-02-15 19:47:43,881 [INFO] Loaded state from C:\Users\dinkleburgh\TruckApp\.truck_state.json
2026-02-15 19:47:45,953 [INFO] Loaded state from C:\Users\dinkleburgh\TruckApp\.truck_state.json
2026-02-15 19:47:45,983 [INFO] Loaded state from C:\Users\dinkleburgh\TruckApp\.truck_state.json
2026-02-15 19:47:47,383 [INFO] Loaded state from C:\Users\dinkleburgh\TruckApp\.truck_state.json
2026-02-15 19:47:47,437 [INFO] Loaded state from C:\Users\dinkleburgh\TruckApp\.truck_state.json
2026-02-15 19:47:48,991 [INFO] Loaded state from C:\Users\dinkleburgh\TruckApp\.truck_state.json
2026-02-15 19:47:49,051 [INFO] Loaded state from C:\Users\dinkleburgh\TruckApp\.truck_state.json
2026-02-15 19:47:52,469 [INFO] Loaded state from C:\Users\dinkleburgh\TruckApp\.truck_state.json
2026-02-15 19:47:52,501 [INFO] Loaded state from C:\Users\dinkleburgh\TruckApp\.truck_state.json
2026-02-15 19:47:53,709 [INFO] Loaded state from C:\Users\dinkleburgh\TruckApp\.truck_state.json
2026-02-15 19:47:53,750 [INFO] Loaded state from C:\Users\dinkleburgh\TruckApp\.truck_state.json
2026-02-15 19:47:54,463 [INFO] Loaded state from C:\Users\dinkleburgh\TruckApp\.truck_state.json
2026-02-15 19:47:54,505 [INFO] Loaded state from C:\Users\dinkleburgh\TruckApp\.truck_state.json
2026-02-15 19:47:57,038 [INFO] Loaded state from C:\Users\dinkleburgh\TruckApp\.truck_state.json
2026-02-15 19:47:57,071 [INFO] Loaded state from C:\Users\dinkleburgh\TruckApp\.truck_state.json
2026-02-15 19:47:59,405 [INFO] Loaded state from C:\Users\dinkleburgh\TruckApp\.truck_state.json
2026-02-15 19:47:59,448 [INFO] Loaded state from C:\Users\dinkleburgh\TruckApp\.truck_state.json
2026-02-15 19:48:05,635 [INFO] Loaded state from C:\Users\dinkleburgh\TruckApp\.truck_state.json
2026-02-15 19:48:08,420 [INFO] Loaded state from C:\Users\dinkleburgh\TruckApp\.truck_state.json
2026-02-15 19:48:08,451 [INFO] Loaded state from C:\Users\dinkleburgh\TruckApp\.truck_state.json
2026-02-15 19:48:09,938 [INFO] Loaded state from C:\Users\dinkleburgh\TruckApp\.truck_state.json
2026-02-15 19:48:09,979 [INFO] Loaded state from C:\Users\dinkleburgh\TruckApp\.truck_state.json
2026-02-15 19:48:11,192 [INFO] Loaded state from C:\Users\dinkleburgh\TruckApp\.truck_state.json
2026-02-15 19:48:11,232 [INFO] Loaded state from C:\Users\dinkleburgh\TruckApp\.truck_state.json
2026-02-15 19:48:12,497 [INFO] Loaded state from C:\Users\dinkleburgh\TruckApp\.truck_state.json
2026-02-15 19:48:12,539 [INFO] Loaded state from C:\Users\dinkleburgh\TruckApp\.truck_state.json
2026-02-15 19:48:15,902 [INFO] Loaded state from C:\Users\dinkleburgh\TruckApp\.truck_state.json
2026-02-15 19:48:15,951 [INFO] Loaded state from C:\Users\dinkleburgh\TruckApp\.truck_state.json
2026-02-15 19:48:18,291 [INFO] Loaded state from C:\Users\dinkleburgh\TruckApp\.truck_state.json
2026-02-15 19:48:18,336 [INFO] Loaded state from C:\Users\dinkleburgh\TruckApp\.truck_state.json
2026-02-15 19:48:25,760 [INFO] Loaded state from C:\Users\dinkleburgh\TruckApp\.truck_state.json
2026-02-15 19:48:30,472 [INFO] Loaded state from C:\Users\dinkleburgh\TruckApp\.truck_state.json
2026-02-15 19:50:26,236 [INFO] Loaded state from C:\Users\dinkleburgh\TruckApp\.truck_state.json
2026-02-15 19:50:31,577 [INFO] Loaded state from C:\Users\dinkleburgh\TruckApp\.truck_state.json
2026-02-15 19:50:31,613 [INFO] Loaded state from C:\Users\dinkleburgh\TruckApp\.truck_state.json
2026-02-15 19:50:31,658 [INFO] Loaded state from C:\Users\dinkleburgh\TruckApp\.truck_state.json
2026-02-15 19:50:34,584 [INFO] Loaded state from C:\Users\dinkleburgh\TruckApp\.truck_state.json
2026-02-15 19:50:40,600 [INFO] Loaded state from C:\Users\dinkleburgh\TruckApp\.truck_state.json
2026-02-15 19:50:40,632 [INFO] Loaded state from C:\Users\dinkleburgh\TruckApp\.truck_state.json
2026-02-15 19:51:05,447 [INFO] Loaded state from C:\Users\dinkleburgh\TruckApp\.truck_state.json
2026-02-15 19:51:07,414 [INFO] Loaded state from C:\Users\dinkleburgh\TruckApp\.truck_state.json
2026-02-15 19:53:15,390 [INFO] Loaded state from C:\Users\dinkleburgh\TruckApp\.truck_state.json
2026-02-15 19:53:16,410 [INFO] Loaded state from C:\Users\dinkleburgh\TruckApp\.truck_state.json
2026-02-15 19:53:16,439 [INFO] Loaded state from C:\Users\dinkleburgh\TruckApp\.truck_state.json
2026-02-15 19:53:18,160 [INFO] Loaded state from C:\Users\dinkleburgh\TruckApp\.truck_state.json
2026-02-15 19:53:18,205 [INFO] Loaded state from C:\Users\dinkleburgh\TruckApp\.truck_state.json
2026-02-15 19:53:31,653 [INFO] Loaded state from C:\Users\dinkleburgh\TruckApp\.truck_state.json
2026-02-15 19:53:31,681 [INFO] Loaded state from C:\Users\dinkleburgh\TruckApp\.truck_state.json
2026-02-15 19:57:07,907 [INFO] Loaded state from C:\Users\dinkleburgh\TruckApp\.truck_state.json
2026-02-15 19:57:12,183 [INFO] Loaded state from C:\Users\dinkleburgh\TruckApp\.truck_state.json
2026-02-15 19:57:12,221 [INFO] Loaded state from C:\Users\dinkleburgh\TruckApp\.truck_state.json
2026-02-15 19:57:16,747 [INFO] Loaded state from C:\Users\dinkleburgh\TruckApp\.truck_state.json
2026-02-15 19:57:25,379 [INFO] Loaded state from C:\Users\dinkleburgh\TruckApp\.truck_state.json
2026-02-15 19:57:25,436 [INFO] Loaded state from C:\Users\dinkleburgh\TruckApp\.truck_state.json
2026-02-15 19:57:26,497 [INFO] Loaded state from C:\Users\dinkleburgh\TruckApp\.truck_state.json
2026-02-15 19:57:26,551 [INFO] Loaded state from C:\Users\dinkleburgh\TruckApp\.truck_state.json
2026-02-15 19:57:26,603 [INFO] Loaded state from C:\Users\dinkleburgh\TruckApp\.truck_state.json
2026-02-15 19:57:40,467 [INFO] Loaded state from C:\Users\dinkleburgh\TruckApp\.truck_state.json
2026-02-15 19:57:40,963 [INFO] Loaded state from C:\Users\dinkleburgh\TruckApp\.truck_state.json
2026-02-15 19:57:43,343 [INFO] Loaded state from C:\Users\dinkleburgh\TruckApp\.truck_state.json
2026-02-15 19:57:43,394 [INFO] Loaded state from C:\Users\dinkleburgh\TruckApp\.truck_state.json
2026-02-15 19:57:44,936 [INFO] Loaded state from C:\Users\dinkleburgh\TruckApp\.truck_state.json
2026-02-15 19:57:44,986 [INFO] Loaded state from C:\Users\dinkleburgh\TruckApp\.truck_state.json
2026-02-15 19:57:45,794 [INFO] Loaded state from C:\Users\dinkleburgh\TruckApp\.truck_state.json
2026-02-15 19:57:45,844 [INFO] Loaded state from C:\Users\dinkleburgh\TruckApp\.truck_state.json
2026-02-15 19:57:46,603 [INFO] Loaded state from C:\Users\dinkleburgh\TruckApp\.truck_state.json
2026-02-15 19:57:46,651 [INFO] Loaded state from C:\Users\dinkleburgh\TruckApp\.truck_state.json
2026-02-15 19:57:47,822 [INFO] Loaded state from C:\Users\dinkleburgh\TruckApp\.truck_state.json
2026-02-15 19:57:47,871 [INFO] Loaded state from C:\Users\dinkleburgh\TruckApp\.truck_state.json
2026-02-15 19:57:48,953 [INFO] Loaded state from C:\Users\dinkleburgh\TruckApp\.truck_state.json
2026-02-15 19:57:49,001 [INFO] Loaded state from C:\Users\dinkleburgh\TruckApp\.truck_state.json
2026-02-15 19:57:49,633 [INFO] Loaded state from C:\Users\dinkleburgh\TruckApp\.truck_state.json
2026-02-15 19:57:49,683 [INFO] Loaded state from C:\Users\dinkleburgh\TruckApp\.truck_state.json
2026-02-15 19:57:50,131 [INFO] Loaded state from C:\Users\dinkleburgh\TruckApp\.truck_state.json
2026-02-15 19:57:50,179 [INFO] Loaded state from C:\Users\dinkleburgh\TruckApp\.truck_state.json
2026-02-15 19:57:51,523 [INFO] Loaded state from C:\Users\dinkleburgh\TruckApp\.truck_state.json
2026-02-15 19:57:51,576 [INFO] Loaded state from C:\Users\dinkleburgh\TruckApp\.truck_state.json
2026-02-15 19:57:52,152 [INFO] Loaded state from C:\Users\dinkleburgh\TruckApp\.truck_state.json
2026-02-15 19:57:52,204 [INFO] Loaded state from C:\Users\dinkleburgh\TruckApp\.truck_state.json
2026-02-15 19:57:53,811 [INFO] Loaded state from C:\Users\dinkleburgh\TruckApp\.truck_state.json
2026-02-15 19:57:53,864 [INFO] Loaded state from C:\Users\dinkleburgh\TruckApp\.truck_state.json
2026-02-15 19:57:54,813 [INFO] Loaded state from C:\Users\dinkleburgh\TruckApp\.truck_state.json
2026-02-15 19:57:54,867 [INFO] Loaded state from C:\Users\dinkleburgh\TruckApp\.truck_state.json
2026-02-15 19:57:56,397 [INFO] Loaded state from C:\Users\dinkleburgh\TruckApp\.truck_state.json
2026-02-15 19:57:56,453 [INFO] Loaded state from C:\Users\dinkleburgh\TruckApp\.truck_state.json
2026-02-15 19:57:57,344 [INFO] Loaded state from C:\Users\dinkleburgh\TruckApp\.truck_state.json
2026-02-15 19:57:57,394 [INFO] Loaded state from C:\Users\dinkleburgh\TruckApp\.truck_state.json
2026-02-15 19:57:58,145 [INFO] Loaded state from C:\Users\dinkleburgh\TruckApp\.truck_state.json
2026-02-15 19:57:58,196 [INFO] Loaded state from C:\Users\dinkleburgh\TruckApp\.truck_state.json
2026-02-15 19:57:59,446 [INFO] Loaded state from C:\Users\dinkleburgh\TruckApp\.truck_state.json
2026-02-15 19:57:59,500 [INFO] Loaded state from C:\Users\dinkleburgh\TruckApp\.truck_state.json
2026-02-15 19:58:00,125 [INFO] Loaded state from C:\Users\dinkleburgh\TruckApp\.truck_state.json
2026-02-15 19:58:00,172 [INFO] Loaded state from C:\Users\dinkleburgh\TruckApp\.truck_state.json
2026-02-15 19:58:00,834 [INFO] Loaded state from C:\Users\dinkleburgh\TruckApp\.truck_state.json
2026-02-15 19:58:00,883 [INFO] Loaded state from C:\Users\dinkleburgh\TruckApp\.truck_state.json
2026-02-15 19:58:01,811 [INFO] Loaded state from C:\Users\dinkleburgh\TruckApp\.truck_state.json
2026-02-15 19:58:01,861 [INFO] Loaded state from C:\Users\dinkleburgh\TruckApp\.truck_state.json
2026-02-15 19:58:02,667 [INFO] Loaded state from C:\Users\dinkleburgh\TruckApp\.truck_state.json
2026-02-15 19:58:02,719 [INFO] Loaded state from C:\Users\dinkleburgh\TruckApp\.truck_state.json
2026-02-15 19:58:03,741 [INFO] Loaded state from C:\Users\dinkleburgh\TruckApp\.truck_state.json
2026-02-15 19:58:08,682 [INFO] Loaded state from C:\Users\dinkleburgh\TruckApp\.truck_state.json
2026-02-15 19:58:10,566 [INFO] Loaded state from C:\Users\dinkleburgh\TruckApp\.truck_state.json
2026-02-15 19:58:10,621 [INFO] Loaded state from C:\Users\dinkleburgh\TruckApp\.truck_state.json
2026-02-15 19:58:14,295 [INFO] Loaded state from C:\Users\dinkleburgh\TruckApp\.truck_state.json
2026-02-15 19:58:14,364 [INFO] Loaded state from C:\Users\dinkleburgh\TruckApp\.truck_state.json
2026-02-15 19:58:18,844 [INFO] Loaded state from C:\Users\dinkleburgh\TruckApp\.truck_state.json
2026-02-15 19:58:18,896 [INFO] Loaded state from C:\Users\dinkleburgh\TruckApp\.truck_state.json
2026-02-15 19:58:22,010 [INFO] Loaded state from C:\Users\dinkleburgh\TruckApp\.truck_state.json
2026-02-15 20:00:04,855 [INFO] Loaded state from C:\Users\dinkleburgh\TruckApp\.truck_state.json
2026-02-15 20:00:25,117 [INFO] Loaded state from C:\Users\dinkleburgh\TruckApp\.truck_state.json
2026-02-15 20:00:25,332 [INFO] Loaded state from C:\Users\dinkleburgh\TruckApp\.truck_state.json
2026-02-15 20:00:30,087 [INFO] Loaded state from C:\Users\dinkleburgh\TruckApp\.truck_state.json
2026-02-15 20:02:25,015 [INFO] Loaded state from C:\Users\dinkleburgh\TruckApp\.truck_state.json
2026-02-15 20:02:25,215 [INFO] Loaded state from C:\Users\dinkleburgh\TruckApp\.truck_state.json
2026-02-15 20:02:28,205 [INFO] Loaded state from C:\Users\dinkleburgh\TruckApp\.truck_state.json
2026-02-15 20:02:28,243 [INFO] Loaded state from C:\Users\dinkleburgh\TruckApp\.truck_state.json
2026-02-15 20:02:33,336 [INFO] Loaded state from C:\Users\dinkleburgh\TruckApp\.truck_state.json
2026-02-15 20:02:33,388 [INFO] Loaded state from C:\Users\dinkleburgh\TruckApp\.truck_state.json
2026-02-15 20:02:37,318 [INFO] Loaded state from C:\Users\dinkleburgh\TruckApp\.truck_state.json
2026-02-15 20:05:04,412 [INFO] Loaded state from C:\Users\dinkleburgh\TruckApp\.truck_state.json
2026-02-15 20:05:04,622 [INFO] Loaded state from C:\Users\dinkleburgh\TruckApp\.truck_state.json
2026-02-15 20:05:17,790 [INFO] Loaded state from C:\Users\dinkleburgh\TruckApp\.truck_state.json
2026-02-15 20:05:17,827 [INFO] Loaded state from C:\Users\dinkleburgh\TruckApp\.truck_state.json
2026-02-15 20:05:20,220 [INFO] Loaded state from C:\Users\dinkleburgh\TruckApp\.truck_state.json
2026-02-15 20:05:20,257 [INFO] Loaded state from C:\Users\dinkleburgh\TruckApp\.truck_state.json
2026-02-15 20:05:24,028 [INFO] Loaded state from C:\Users\dinkleburgh\TruckApp\.truck_state.json
2026-02-15 20:06:20,184 [INFO] Loaded state from C:\Users\dinkleburgh\TruckApp\.truck_state.json
2026-02-15 20:06:20,225 [INFO] Loaded state from C:\Users\dinkleburgh\TruckApp\.truck_state.json
2026-02-15 20:06:20,842 [INFO] Loaded state from C:\Users\dinkleburgh\TruckApp\.truck_state.json
2026-02-15 20:06:20,893 [INFO] Loaded state from C:\Users\dinkleburgh\TruckApp\.truck_state.json
2026-02-15 20:06:22,361 [INFO] Loaded state from C:\Users\dinkleburgh\TruckApp\.truck_state.json
2026-02-15 20:06:22,427 [INFO] Loaded state from C:\Users\dinkleburgh\TruckApp\.truck_state.json
2026-02-15 20:06:25,057 [INFO] Loaded state from C:\Users\dinkleburgh\TruckApp\.truck_state.json
2026-02-15 20:06:25,126 [INFO] Loaded state from C:\Users\dinkleburgh\TruckApp\.truck_state.json
2026-02-15 20:06:29,034 [INFO] Loaded state from C:\Users\dinkleburgh\TruckApp\.truck_state.json
2026-02-15 20:06:29,079 [INFO] Loaded state from C:\Users\dinkleburgh\TruckApp\.truck_state.json
2026-02-15 20:06:30,434 [INFO] Loaded state from C:\Users\dinkleburgh\TruckApp\.truck_state.json
2026-02-15 20:06:30,500 [INFO] Loaded state from C:\Users\dinkleburgh\TruckApp\.truck_state.json
2026-02-15 20:06:34,553 [INFO] Loaded state from C:\Users\dinkleburgh\TruckApp\.truck_state.json
2026-02-15 20:06:35,515 [INFO] Loaded state from C:\Users\dinkleburgh\TruckApp\.truck_state.json
2026-02-15 20:06:35,573 [INFO] Loaded state from C:\Users\dinkleburgh\TruckApp\.truck_state.json
2026-02-15 20:06:56,197 [INFO] Loaded state from C:\Users\dinkleburgh\TruckApp\.truck_state.json
2026-02-15 20:06:56,249 [INFO] Loaded state from C:\Users\dinkleburgh\TruckApp\.truck_state.json
2026-02-15 20:07:07,230 [INFO] Loaded state from C:\Users\dinkleburgh\TruckApp\.truck_state.json
2026-02-15 20:07:07,268 [INFO] Loaded state from C:\Users\dinkleburgh\TruckApp\.truck_state.json
2026-02-15 20:07:08,951 [INFO] Loaded state from C:\Users\dinkleburgh\TruckApp\.truck_state.json
2026-02-15 20:07:08,992 [INFO] Loaded state from C:\Users\dinkleburgh\TruckApp\.truck_state.json
2026-02-15 20:08:49,144 [INFO] Loaded state from C:\Users\dinkleburgh\TruckApp\.truck_state.json
2026-02-15 20:08:49,180 [INFO] Loaded state from C:\Users\dinkleburgh\TruckApp\.truck_state.json
2026-02-15 20:08:55,224 [INFO] Loaded state from C:\Users\dinkleburgh\TruckApp\.truck_state.json
2026-02-15 20:08:59,128 [INFO] Loaded state from C:\Users\dinkleburgh\TruckApp\.truck_state.json
2026-02-15 20:09:00,899 [INFO] Loaded state from C:\Users\dinkleburgh\TruckApp\.truck_state.json
2026-02-15 20:09:09,276 [INFO] Loaded state from C:\Users\dinkleburgh\TruckApp\.truck_state.json
2026-02-15 20:09:09,311 [INFO] Loaded state from C:\Users\dinkleburgh\TruckApp\.truck_state.json
2026-02-15 20:09:12,392 [INFO] Loaded state from C:\Users\dinkleburgh\TruckApp\.truck_state.json
2026-02-15 20:09:12,448 [INFO] Loaded state from C:\Users\dinkleburgh\TruckApp\.truck_state.json
2026-02-15 20:09:12,504 [INFO] Loaded state from C:\Users\dinkleburgh\TruckApp\.truck_state.json
2026-02-15 20:18:41,704 [INFO] Loaded state from C:\Users\dinkleburgh\TruckApp\.truck_state.json
2026-02-15 20:18:41,761 [INFO] Loaded state from C:\Users\dinkleburgh\TruckApp\.truck_state.json
2026-02-15 20:18:47,852 [INFO] Loaded state from C:\Users\dinkleburgh\TruckApp\.truck_state.json
2026-02-15 20:18:47,902 [INFO] Loaded state from C:\Users\dinkleburgh\TruckApp\.truck_state.json
2026-02-15 20:18:50,383 [INFO] Loaded state from C:\Users\dinkleburgh\TruckApp\.truck_state.json
2026-02-15 20:18:50,437 [INFO] Loaded state from C:\Users\dinkleburgh\TruckApp\.truck_state.json
2026-02-15 20:18:52,857 [INFO] Loaded state from C:\Users\dinkleburgh\TruckApp\.truck_state.json
2026-02-15 20:18:52,908 [INFO] Loaded state from C:\Users\dinkleburgh\TruckApp\.truck_state.json
2026-02-15 22:23:43,725 [INFO] Loaded state from C:\Users\dinkleburgh\TruckApp\.truck_state.json
2026-02-15 22:23:43,934 [INFO] Loaded state from C:\Users\dinkleburgh\TruckApp\.truck_state.json
2026-02-15 22:23:49,048 [INFO] Loaded state from C:\Users\dinkleburgh\TruckApp\.truck_state.json
2026-02-15 22:23:49,078 [INFO] Loaded state from C:\Users\dinkleburgh\TruckApp\.truck_state.json
2026-02-15 22:23:51,899 [INFO] Loaded state from C:\Users\dinkleburgh\TruckApp\.truck_state.json
2026-02-15 22:23:51,932 [INFO] Loaded state from C:\Users\dinkleburgh\TruckApp\.truck_state.json
2026-02-15 22:24:00,440 [INFO] Loaded state from C:\Users\dinkleburgh\TruckApp\.truck_state.json
2026-02-15 22:24:00,470 [INFO] Loaded state from C:\Users\dinkleburgh\TruckApp\.truck_state.json
2026-02-15 22:24:03,159 [INFO] Loaded state from C:\Users\dinkleburgh\TruckApp\.truck_state.json
2026-02-15 22:24:03,194 [INFO] Loaded state from C:\Users\dinkleburgh\TruckApp\.truck_state.json
2026-02-15 22:24:04,638 [INFO] Loaded state from C:\Users\dinkleburgh\TruckApp\.truck_state.json
2026-02-15 22:24:04,677 [INFO] Loaded state from C:\Users\dinkleburgh\TruckApp\.truck_state.json
2026-02-15 22:24:05,711 [INFO] Loaded state from C:\Users\dinkleburgh\TruckApp\.truck_state.json
2026-02-15 22:24:05,750 [INFO] Loaded state from C:\Users\dinkleburgh\TruckApp\.truck_state.json
2026-02-15 22:24:38,225 [INFO] Loaded state from C:\Users\dinkleburgh\TruckApp\.truck_state.json
2026-02-15 22:24:38,256 [INFO] Loaded state from C:\Users\dinkleburgh\TruckApp\.truck_state.json
2026-02-15 22:24:39,889 [INFO] Loaded state from C:\Users\dinkleburgh\TruckApp\.truck_state.json
2026-02-15 22:24:39,912 [INFO] Loaded state from C:\Users\dinkleburgh\TruckApp\.truck_state.json
2026-02-15 22:24:41,872 [INFO] Loaded state from C:\Users\dinkleburgh\TruckApp\.truck_state.json
2026-02-15 22:24:41,925 [INFO] Loaded state from C:\Users\dinkleburgh\TruckApp\.truck_state.json
2026-02-15 22:24:43,833 [INFO] Loaded state from C:\Users\dinkleburgh\TruckApp\.truck_state.json
2026-02-15 22:24:43,869 [INFO] Loaded state from C:\Users\dinkleburgh\TruckApp\.truck_state.json
2026-02-15 22:24:44,923 [INFO] Loaded state from C:\Users\dinkleburgh\TruckApp\.truck_state.json
2026-02-15 22:24:44,950 [INFO] Loaded state from C:\Users\dinkleburgh\TruckApp\.truck_state.json
2026-02-15 22:24:49,173 [INFO] Loaded state from C:\Users\dinkleburgh\TruckApp\.truck_state.json
2026-02-15 22:25:29,161 [INFO] Loaded state from C:\Users\dinkleburgh\TruckApp\.truck_state.json
2026-02-15 22:25:29,197 [INFO] Loaded state from C:\Users\dinkleburgh\TruckApp\.truck_state.json
2026-02-15 22:25:31,049 [INFO] Loaded state from C:\Users\dinkleburgh\TruckApp\.truck_state.json
2026-02-15 22:25:31,083 [INFO] Loaded state from C:\Users\dinkleburgh\TruckApp\.truck_state.json
2026-02-15 22:25:32,194 [INFO] Loaded state from C:\Users\dinkleburgh\TruckApp\.truck_state.json
2026-02-15 22:25:32,237 [INFO] Loaded state from C:\Users\dinkleburgh\TruckApp\.truck_state.json
2026-02-15 22:25:33,067 [INFO] Loaded state from C:\Users\dinkleburgh\TruckApp\.truck_state.json
2026-02-15 22:25:33,122 [INFO] Loaded state from C:\Users\dinkleburgh\TruckApp\.truck_state.json
2026-02-15 22:25:35,702 [INFO] Loaded state from C:\Users\dinkleburgh\TruckApp\.truck_state.json
2026-02-15 22:25:35,742 [INFO] Loaded state from C:\Users\dinkleburgh\TruckApp\.truck_state.json
2026-02-15 22:25:39,145 [INFO] Loaded state from C:\Users\dinkleburgh\TruckApp\.truck_state.json
2026-02-15 22:25:39,184 [INFO] Loaded state from C:\Users\dinkleburgh\TruckApp\.truck_state.json
2026-02-15 22:25:41,093 [INFO] Loaded state from C:\Users\dinkleburgh\TruckApp\.truck_state.json
2026-02-15 22:25:41,142 [INFO] Loaded state from C:\Users\dinkleburgh\TruckApp\.truck_state.json
2026-02-15 22:25:42,180 [INFO] Loaded state from C:\Users\dinkleburgh\TruckApp\.truck_state.json
2026-02-15 22:25:42,229 [INFO] Loaded state from C:\Users\dinkleburgh\TruckApp\.truck_state.json
2026-02-15 22:25:48,200 [INFO] Loaded state from C:\Users\dinkleburgh\TruckApp\.truck_state.json
2026-02-15 22:25:48,251 [INFO] Loaded state from C:\Users\dinkleburgh\TruckApp\.truck_state.json
2026-02-15 22:25:50,837 [INFO] Loaded state from C:\Users\dinkleburgh\TruckApp\.truck_state.json
2026-02-15 22:25:50,885 [INFO] Loaded state from C:\Users\dinkleburgh\TruckApp\.truck_state.json
2026-02-15 22:25:53,413 [INFO] Loaded state from C:\Users\dinkleburgh\TruckApp\.truck_state.json
2026-02-15 22:25:54,112 [INFO] Loaded state from C:\Users\dinkleburgh\TruckApp\.truck_state.json
2026-02-15 22:25:55,116 [INFO] Loaded state from C:\Users\dinkleburgh\TruckApp\.truck_state.json
2026-02-15 22:25:55,170 [INFO] Loaded state from C:\Users\dinkleburgh\TruckApp\.truck_state.json
2026-02-15 22:25:57,071 [INFO] Loaded state from C:\Users\dinkleburgh\TruckApp\.truck_state.json
2026-02-15 22:25:57,114 [INFO] Loaded state from C:\Users\dinkleburgh\TruckApp\.truck_state.json
2026-02-15 22:25:59,406 [INFO] Loaded state from C:\Users\dinkleburgh\TruckApp\.truck_state.json
2026-02-15 22:25:59,449 [INFO] Loaded state from C:\Users\dinkleburgh\TruckApp\.truck_state.json
2026-02-15 22:26:03,878 [INFO] Loaded state from C:\Users\dinkleburgh\TruckApp\.truck_state.json
2026-02-15 22:26:03,924 [INFO] Loaded state from C:\Users\dinkleburgh\TruckApp\.truck_state.json
2026-02-15 22:26:08,381 [INFO] Loaded state from C:\Users\dinkleburgh\TruckApp\.truck_state.json
2026-02-15 22:26:08,434 [INFO] Loaded state from C:\Users\dinkleburgh\TruckApp\.truck_state.json
2026-02-15 22:26:16,045 [INFO] Loaded state from C:\Users\dinkleburgh\TruckApp\.truck_state.json
2026-02-15 22:26:16,104 [INFO] Loaded state from C:\Users\dinkleburgh\TruckApp\.truck_state.json
2026-02-15 22:26:21,346 [INFO] Loaded state from C:\Users\dinkleburgh\TruckApp\.truck_state.json
2026-02-15 22:26:21,396 [INFO] Loaded state from C:\Users\dinkleburgh\TruckApp\.truck_state.json
2026-02-15 22:26:30,216 [INFO] Loaded state from C:\Users\dinkleburgh\TruckApp\.truck_state.json
2026-02-15 22:26:30,258 [INFO] Loaded state from C:\Users\dinkleburgh\TruckApp\.truck_state.json
2026-02-15 22:26:32,630 [INFO] Loaded state from C:\Users\dinkleburgh\TruckApp\.truck_state.json
2026-02-15 22:26:32,695 [INFO] Loaded state from C:\Users\dinkleburgh\TruckApp\.truck_state.json
2026-02-15 22:26:34,056 [INFO] Loaded state from C:\Users\dinkleburgh\TruckApp\.truck_state.json
2026-02-15 22:26:35,105 [INFO] Loaded state from C:\Users\dinkleburgh\TruckApp\.truck_state.json
2026-02-15 22:26:35,172 [INFO] Loaded state from C:\Users\dinkleburgh\TruckApp\.truck_state.json
2026-02-15 22:26:41,815 [INFO] Loaded state from C:\Users\dinkleburgh\TruckApp\.truck_state.json
2026-02-15 22:26:41,864 [INFO] Loaded state from C:\Users\dinkleburgh\TruckApp\.truck_state.json
2026-02-15 22:26:57,899 [INFO] Loaded state from C:\Users\dinkleburgh\TruckApp\.truck_state.json
2026-02-15 22:26:57,938 [INFO] Loaded state from C:\Users\dinkleburgh\TruckApp\.truck_state.json
2026-02-15 22:26:59,781 [INFO] Loaded state from C:\Users\dinkleburgh\TruckApp\.truck_state.json
2026-02-15 22:26:59,817 [INFO] Loaded state from C:\Users\dinkleburgh\TruckApp\.truck_state.json
2026-02-15 22:27:00,574 [INFO] Loaded state from C:\Users\dinkleburgh\TruckApp\.truck_state.json
2026-02-15 22:27:00,613 [INFO] Loaded state from C:\Users\dinkleburgh\TruckApp\.truck_state.json
2026-02-15 22:27:03,271 [INFO] Loaded state from C:\Users\dinkleburgh\TruckApp\.truck_state.json
2026-02-15 22:27:03,310 [INFO] Loaded state from C:\Users\dinkleburgh\TruckApp\.truck_state.json
2026-02-15 22:27:04,076 [INFO] Loaded state from C:\Users\dinkleburgh\TruckApp\.truck_state.json
2026-02-15 22:27:04,118 [INFO] Loaded state from C:\Users\dinkleburgh\TruckApp\.truck_state.json
2026-02-15 22:27:04,762 [INFO] Loaded state from C:\Users\dinkleburgh\TruckApp\.truck_state.json
2026-02-15 22:27:04,805 [INFO] Loaded state from C:\Users\dinkleburgh\TruckApp\.truck_state.json
2026-02-15 22:28:57,920 [INFO] Loaded state from C:\Users\dinkleburgh\TruckApp\.truck_state.json
2026-02-15 22:28:57,976 [INFO] Loaded state from C:\Users\dinkleburgh\TruckApp\.truck_state.json
2026-02-15 22:29:07,807 [INFO] Loaded state from C:\Users\dinkleburgh\TruckApp\.truck_state.json
2026-02-15 22:29:07,853 [INFO] Loaded state from C:\Users\dinkleburgh\TruckApp\.truck_state.json
2026-02-15 22:29:15,504 [INFO] Loaded state from C:\Users\dinkleburgh\TruckApp\.truck_state.json
2026-02-15 22:29:15,545 [INFO] Loaded state from C:\Users\dinkleburgh\TruckApp\.truck_state.json
2026-02-15 22:29:28,756 [INFO] Loaded state from C:\Users\dinkleburgh\TruckApp\.truck_state.json
2026-02-15 22:29:28,808 [INFO] Loaded state from C:\Users\dinkleburgh\TruckApp\.truck_state.json
2026-02-15 22:29:36,149 [INFO] Loaded state from C:\Users\dinkleburgh\TruckApp\.truck_state.json
2026-02-15 22:42:13,060 [INFO] Loaded state from C:\Users\dinkleburgh\TruckApp\.truck_state.json
2026-02-15 22:42:13,122 [INFO] Loaded state from C:\Users\dinkleburgh\TruckApp\.truck_state.json
2026-02-15 22:42:23,666 [INFO] Loaded state from C:\Users\dinkleburgh\TruckApp\.truck_state.json
2026-02-15 22:42:23,719 [INFO] Loaded state from C:\Users\dinkleburgh\TruckApp\.truck_state.json
2026-02-15 22:42:41,756 [INFO] Loaded state from C:\Users\dinkleburgh\TruckApp\.truck_state.json
2026-02-15 22:42:41,809 [INFO] Loaded state from C:\Users\dinkleburgh\TruckApp\.truck_state.json
2026-02-15 22:42:42,326 [INFO] Loaded state from C:\Users\dinkleburgh\TruckApp\.truck_state.json
2026-02-15 22:42:42,373 [INFO] Loaded state from C:\Users\dinkleburgh\TruckApp\.truck_state.json
2026-02-15 22:42:43,680 [INFO] Loaded state from C:\Users\dinkleburgh\TruckApp\.truck_state.json
2026-02-15 22:42:43,722 [INFO] Loaded state from C:\Users\dinkleburgh\TruckApp\.truck_state.json
2026-02-15 22:42:44,534 [INFO] Loaded state from C:\Users\dinkleburgh\TruckApp\.truck_state.json
2026-02-15 22:42:44,579 [INFO] Loaded state from C:\Users\dinkleburgh\TruckApp\.truck_state.json
2026-02-15 22:42:46,095 [INFO] Loaded state from C:\Users\dinkleburgh\TruckApp\.truck_state.json
2026-02-15 22:42:46,137 [INFO] Loaded state from C:\Users\dinkleburgh\TruckApp\.truck_state.json
2026-02-15 22:42:47,246 [INFO] Loaded state from C:\Users\dinkleburgh\TruckApp\.truck_state.json
2026-02-15 22:42:47,291 [INFO] Loaded state from C:\Users\dinkleburgh\TruckApp\.truck_state.json
2026-02-15 22:42:54,942 [INFO] Loaded state from C:\Users\dinkleburgh\TruckApp\.truck_state.json
2026-02-15 22:43:01,440 [INFO] Loaded state from C:\Users\dinkleburgh\TruckApp\.truck_state.json
2026-02-15 22:43:01,488 [INFO] Loaded state from C:\Users\dinkleburgh\TruckApp\.truck_state.json
2026-02-15 22:43:01,535 [INFO] Loaded state from C:\Users\dinkleburgh\TruckApp\.truck_state.json
2026-02-15 22:43:02,496 [INFO] Loaded state from C:\Users\dinkleburgh\TruckApp\.truck_state.json
2026-02-15 22:43:02,539 [INFO] Loaded state from C:\Users\dinkleburgh\TruckApp\.truck_state.json
2026-02-15 22:43:03,180 [INFO] Loaded state from C:\Users\dinkleburgh\TruckApp\.truck_state.json
2026-02-15 22:43:03,225 [INFO] Loaded state from C:\Users\dinkleburgh\TruckApp\.truck_state.json
2026-02-15 22:43:05,738 [INFO] Loaded state from C:\Users\dinkleburgh\TruckApp\.truck_state.json
2026-02-15 22:43:05,777 [INFO] Loaded state from C:\Users\dinkleburgh\TruckApp\.truck_state.json
2026-02-15 22:43:06,382 [INFO] Loaded state from C:\Users\dinkleburgh\TruckApp\.truck_state.json
2026-02-15 22:43:06,417 [INFO] Loaded state from C:\Users\dinkleburgh\TruckApp\.truck_state.json
2026-02-15 22:43:06,907 [INFO] Loaded state from C:\Users\dinkleburgh\TruckApp\.truck_state.json
2026-02-15 22:43:06,945 [INFO] Loaded state from C:\Users\dinkleburgh\TruckApp\.truck_state.json
2026-02-15 22:43:08,256 [INFO] Loaded state from C:\Users\dinkleburgh\TruckApp\.truck_state.json
2026-02-15 22:43:08,301 [INFO] Loaded state from C:\Users\dinkleburgh\TruckApp\.truck_state.json
2026-02-16 01:30:30,454 [INFO] Loaded state from C:\Users\dinkleburgh\TruckApp\.truck_state.json
2026-02-16 01:30:30,672 [INFO] Loaded state from C:\Users\dinkleburgh\TruckApp\.truck_state.json
2026-02-16 01:30:34,520 [INFO] Loaded state from C:\Users\dinkleburgh\TruckApp\.truck_state.json
2026-02-16 01:30:34,556 [INFO] Loaded state from C:\Users\dinkleburgh\TruckApp\.truck_state.json
2026-02-16 01:30:35,493 [INFO] Loaded state from C:\Users\dinkleburgh\TruckApp\.truck_state.json
2026-02-16 01:30:35,529 [INFO] Loaded state from C:\Users\dinkleburgh\TruckApp\.truck_state.json
2026-02-16 01:30:35,849 [INFO] Loaded state from C:\Users\dinkleburgh\TruckApp\.truck_state.json
2026-02-16 01:30:35,886 [INFO] Loaded state from C:\Users\dinkleburgh\TruckApp\.truck_state.json
2026-02-16 01:30:36,056 [INFO] Loaded state from C:\Users\dinkleburgh\TruckApp\.truck_state.json
2026-02-16 01:30:36,095 [INFO] Loaded state from C:\Users\dinkleburgh\TruckApp\.truck_state.json
2026-02-16 01:30:36,216 [INFO] Loaded state from C:\Users\dinkleburgh\TruckApp\.truck_state.json
2026-02-16 01:30:36,251 [INFO] Loaded state from C:\Users\dinkleburgh\TruckApp\.truck_state.json
2026-02-16 01:30:36,424 [INFO] Loaded state from C:\Users\dinkleburgh\TruckApp\.truck_state.json
2026-02-16 01:30:36,461 [INFO] Loaded state from C:\Users\dinkleburgh\TruckApp\.truck_state.json
2026-02-16 01:30:36,607 [INFO] Loaded state from C:\Users\dinkleburgh\TruckApp\.truck_state.json
2026-02-16 01:30:36,645 [INFO] Loaded state from C:\Users\dinkleburgh\TruckApp\.truck_state.json
2026-02-16 01:30:36,792 [INFO] Loaded state from C:\Users\dinkleburgh\TruckApp\.truck_state.json
2026-02-16 01:30:36,830 [INFO] Loaded state from C:\Users\dinkleburgh\TruckApp\.truck_state.json
2026-02-16 01:30:37,026 [INFO] Loaded state from C:\Users\dinkleburgh\TruckApp\.truck_state.json
2026-02-16 01:30:37,066 [INFO] Loaded state from C:\Users\dinkleburgh\TruckApp\.truck_state.json
2026-02-16 01:30:40,041 [INFO] Loaded state from C:\Users\dinkleburgh\TruckApp\.truck_state.json
2026-02-16 01:30:40,081 [INFO] Loaded state from C:\Users\dinkleburgh\TruckApp\.truck_state.json
2026-02-16 01:30:40,253 [INFO] Loaded state from C:\Users\dinkleburgh\TruckApp\.truck_state.json
2026-02-16 01:30:40,290 [INFO] Loaded state from C:\Users\dinkleburgh\TruckApp\.truck_state.json
2026-02-16 01:30:40,426 [INFO] Loaded state from C:\Users\dinkleburgh\TruckApp\.truck_state.json
2026-02-16 01:30:40,461 [INFO] Loaded state from C:\Users\dinkleburgh\TruckApp\.truck_state.json
2026-02-16 01:30:41,307 [INFO] Loaded state from C:\Users\dinkleburgh\TruckApp\.truck_state.json
2026-02-16 01:30:41,341 [INFO] Loaded state from C:\Users\dinkleburgh\TruckApp\.truck_state.json
2026-02-16 01:30:42,182 [INFO] Loaded state from C:\Users\dinkleburgh\TruckApp\.truck_state.json
2026-02-16 01:30:42,214 [INFO] Loaded state from C:\Users\dinkleburgh\TruckApp\.truck_state.json
2026-02-16 01:30:42,749 [INFO] Loaded state from C:\Users\dinkleburgh\TruckApp\.truck_state.json
2026-02-16 01:30:42,782 [INFO] Loaded state from C:\Users\dinkleburgh\TruckApp\.truck_state.json
2026-02-16 01:30:43,714 [INFO] Loaded state from C:\Users\dinkleburgh\TruckApp\.truck_state.json
2026-02-16 01:30:43,753 [INFO] Loaded state from C:\Users\dinkleburgh\TruckApp\.truck_state.json
2026-02-16 01:30:43,971 [INFO] Loaded state from C:\Users\dinkleburgh\TruckApp\.truck_state.json
2026-02-16 01:30:44,009 [INFO] Loaded state from C:\Users\dinkleburgh\TruckApp\.truck_state.json
2026-02-16 01:30:44,133 [INFO] Loaded state from C:\Users\dinkleburgh\TruckApp\.truck_state.json
2026-02-16 01:30:44,168 [INFO] Loaded state from C:\Users\dinkleburgh\TruckApp\.truck_state.json
2026-02-16 01:30:44,522 [INFO] Loaded state from C:\Users\dinkleburgh\TruckApp\.truck_state.json
2026-02-16 01:30:44,560 [INFO] Loaded state from C:\Users\dinkleburgh\TruckApp\.truck_state.json
2026-02-16 01:30:44,721 [INFO] Loaded state from C:\Users\dinkleburgh\TruckApp\.truck_state.json
2026-02-16 01:30:44,755 [INFO] Loaded state from C:\Users\dinkleburgh\TruckApp\.truck_state.json
2026-02-16 01:30:44,911 [INFO] Loaded state from C:\Users\dinkleburgh\TruckApp\.truck_state.json
2026-02-16 01:30:44,947 [INFO] Loaded state from C:\Users\dinkleburgh\TruckApp\.truck_state.json
2026-02-16 01:30:45,115 [INFO] Loaded state from C:\Users\dinkleburgh\TruckApp\.truck_state.json
2026-02-16 01:30:45,158 [INFO] Loaded state from C:\Users\dinkleburgh\TruckApp\.truck_state.json
2026-02-16 01:30:45,896 [INFO] Loaded state from C:\Users\dinkleburgh\TruckApp\.truck_state.json
2026-02-16 01:30:45,928 [INFO] Loaded state from C:\Users\dinkleburgh\TruckApp\.truck_state.json
2026-02-16 01:30:46,726 [INFO] Loaded state from C:\Users\dinkleburgh\TruckApp\.truck_state.json
2026-02-16 01:30:46,755 [INFO] Loaded state from C:\Users\dinkleburgh\TruckApp\.truck_state.json
2026-02-16 01:30:47,338 [INFO] Loaded state from C:\Users\dinkleburgh\TruckApp\.truck_state.json
2026-02-16 01:30:47,366 [INFO] Loaded state from C:\Users\dinkleburgh\TruckApp\.truck_state.json
2026-02-16 01:30:48,239 [INFO] Loaded state from C:\Users\dinkleburgh\TruckApp\.truck_state.json
2026-02-16 01:30:48,267 [INFO] Loaded state from C:\Users\dinkleburgh\TruckApp\.truck_state.json
2026-02-16 01:30:49,167 [INFO] Loaded state from C:\Users\dinkleburgh\TruckApp\.truck_state.json
2026-02-16 01:30:49,194 [INFO] Loaded state from C:\Users\dinkleburgh\TruckApp\.truck_state.json
2026-02-16 01:30:50,584 [INFO] Loaded state from C:\Users\dinkleburgh\TruckApp\.truck_state.json
2026-02-16 01:30:50,621 [INFO] Loaded state from C:\Users\dinkleburgh\TruckApp\.truck_state.json
2026-02-16 01:30:51,221 [INFO] Loaded state from C:\Users\dinkleburgh\TruckApp\.truck_state.json
2026-02-16 01:30:51,259 [INFO] Loaded state from C:\Users\dinkleburgh\TruckApp\.truck_state.json
2026-02-16 01:30:51,459 [INFO] Loaded state from C:\Users\dinkleburgh\TruckApp\.truck_state.json
2026-02-16 01:30:51,495 [INFO] Loaded state from C:\Users\dinkleburgh\TruckApp\.truck_state.json
2026-02-16 01:32:30,624 [INFO] Loaded state from C:\Users\dinkleburgh\TruckApp\.truck_state.json
2026-02-16 01:32:30,668 [INFO] Loaded state from C:\Users\dinkleburgh\TruckApp\.truck_state.json
2026-02-16 01:33:31,731 [INFO] Loaded state from C:\Users\dinkleburgh\TruckApp\.truck_state.json
2026-02-16 01:33:31,765 [INFO] Loaded state from C:\Users\dinkleburgh\TruckApp\.truck_state.json
2026-02-16 01:33:39,106 [INFO] Loaded state from C:\Users\dinkleburgh\TruckApp\.truck_state.json
